         w __deregister_frame_info
         w __register_frame_info
         w userAppExit
         w userAppInit
00000000 00000401 B __ctru_dev_path_buf
00000000 a shift
00000000 a shift
00000000 b _TLS_MODULE_BASE_
00000404 00000802 B __ctru_dev_utf16_buf
00100000 A __start__
00100000 T _start
00100008 T __service_ptr
0010000c T __apt_appid
00100010 T __heap_size
00100014 T __linear_heap_size
00100018 T __system_arglist
0010001c T __system_runflags
00100020 t startup
00100058 t ClearMem
0010006c t ClrLoop
00100094 T _init
001000ac T _III_imdct_l
001000ac T III_imdct_l
001002e0 t loop
00100374 t imdct36_long_karray
001005e4 t imdct_l_windowing
001005f8 t normal_block_x0_to_x17
0010074c t normal_block_x18_to_x35
00100888 t stop_block_x0_to_x17
00100934 t start_block_x18_to_x35
00100a10 T __aeabi_uidiv
00100a10 000001ec T __udivsi3
00100a10 t .udivsi3_skip_div0_test
00100bfc 00000020 T __aeabi_uidivmod
00100c1c T __aeabi_idiv
00100c1c 00000220 T __divsi3
00100c24 t .divsi3_skip_div0_test
00100e3c 00000020 T __aeabi_idivmod
00100e5c 00000004 W __aeabi_idiv0
00100e5c 00000004 W __aeabi_ldiv0
00100e60 T __aeabi_drsub
00100e68 000002b0 T __aeabi_dsub
00100e68 000002b0 T __subdf3
00100e6c 000002ac T __adddf3
00100e6c 000002ac T __aeabi_dadd
00101118 00000024 T __aeabi_ui2d
00101118 00000024 T __floatunsidf
0010113c 00000028 T __aeabi_i2d
0010113c 00000028 T __floatsidf
00101164 00000048 T __aeabi_f2d
00101164 00000048 T __extendsfdf2
001011ac 00000074 T __aeabi_ul2d
001011ac 00000074 T __floatundidf
001011c0 00000060 T __aeabi_l2d
001011c0 00000060 T __floatdidf
00101220 T __aeabi_ldivmod
001012f4 T __aeabi_uldivmod
00101348 00000390 T strcmp
001016d0 t __do_global_dtors_aux
00101710 t frame_dummy
0010173c 0000003c T ainit
00101778 00000048 T init
001017c0 000000c0 T initFluid
00101880 00000150 T stepFluid
001019d0 00000054 T myscandir
00101a24 000002fc T main
00101d20 00000024 t addrMapNodeComparator(rbtree_node const*, rbtree_node const*)
00101d44 00000004 t addrMapNodeDestructor(rbtree_node*)
00101d48 00000120 T linearMemAlign
00101e68 00000008 T linearAlloc
00101e70 0000005c T linearFree
00101ecc 00000084 T MemPool::CoalesceRight(MemBlock*)
00101f50 00000170 T MemPool::Allocate(MemChunk&, unsigned long, int)
001020c0 000000fc T MemPool::Deallocate(MemChunk const&)
001021bc 00000008 t romfs_close
001021c4 000000c8 t romfs_seek
0010228c 00000024 t romfs_dirreset
001022b0 000000c8 t fill_dir
00102378 000002b0 t romfs_dirnext
00102628 00000084 t romfs_free
001026ac 000000d4 t searchForFile.constprop.0
00102780 000000d8 t searchForDir.constprop.0
00102858 000001c0 t navigateToDir.constprop.0
00102a18 00000128 t romfs_open
00102b40 0000004c t romfs_chdir
00102b8c 00000070 t romfs_diropen
00102bfc 0000017c t romfs_stat
00102d78 00000008 t romfs_dirclose
00102d80 0000007c t romfs_fstat
00102dfc 000000d4 t romfs_read
00102ed0 00000290 T romfsMountFromFile
00103160 00000098 T romfsMountFromCurrentProcess
001031f8 0000025c T romfsMountSelf
00103454 00000178 T consoleDrawChar
001035cc 00000124 T consolePrintChar
001036f0 00000a00 T con_write
001040f0 00000168 T consoleInit
00104258 000000f4 t newRow
0010434c 000000d0 t gfxPresentFramebuffer
0010441c 00000010 T gfxSet3D
0010442c 0000001c T gfxIsWide
00104448 000000ec T gfxSetScreenFormat
00104534 00000010 T gfxSetDoubleBuffering
00104544 00000108 T gfxInit
0010464c 00000010 T gfxInitDefault
0010465c 000000b4 T gfxExit
00104710 000000a0 T gfxGetFramebuffer
001047b0 0000010c T gfxFlushBuffers
001048bc 00000030 T gfxScreenSwapBuffers
001048ec 00000050 T gfxSwapBuffers
0010493c 00000050 T gfxSwapBuffersGpu
0010498c 000000a4 t DSP_LoadComponent.part.0
00104a30 000000dc T dspInit
00104b0c 00000078 T dspExit
00104b84 00000024 T dspHook
00104ba8 00000030 T dspUnhook
00104bd8 000000ac T aptDspSleep
00104c84 000000b4 T aptDspWakeup
00104d38 00000044 T aptDspCancel
00104d7c 00000050 T DSP_FlushDataCache
00104dcc 00000034 T DSP_SetSemaphore
00104e00 00000034 T DSP_SetSemaphoreMask
00104e34 00000038 T DSP_GetSemaphoreHandle
00104e6c 0000003c T DSP_LoadComponent
00104ea8 00000044 T DSP_RegisterInterruptEvents
00104eec 00000074 T DSP_ReadPipeIfPossible
00104f60 0000004c T DSP_WriteProcessPipe
00104fac 00000040 T DSP_ConvertProcessAddressFromDspDram
00104fec 00000040 T DSP_RecvData
0010502c 0000004c T DSP_RecvDataIsReady
00105078 00000c58 t gspHardwareInit
00105cd0 00000254 T gspInit
00105f24 000000f0 T gspExit
00106014 00000010 T gspHasGpuRight
00106024 00000098 T gspPresentBuffer
001060bc 00000030 T gspSetEventCallback
001060ec 00000050 T gspWaitForEvent
0010613c 0000004c T gspWaitForAnyEvent
00106188 00000160 t gspEventThreadMain
001062e8 00000130 T gspSubmitGxCommand
00106418 00000050 T GSPGPU_FlushDataCache
00106468 00000034 T GSPGPU_SetLcdForceBlack
0010649c 00000068 T GSPGPU_AcquireRight
00106504 00000048 T GSPGPU_ReleaseRight
0010654c 0000007c T GSPGPU_ImportDisplayCaptureInfo
001065c8 0000002c T GSPGPU_SaveVramSysArea
001065f4 0000002c T GSPGPU_RestoreVramSysArea
00106620 000001b0 t aptConvertScreenForCapture
001067d0 0000015c T aptSendCommand
0010692c 00000038 t aptExitProcess
00106964 00000014 T aptIsActive
00106978 000002f0 T aptExit
00106c68 000000d8 T aptHandleSleep
00106d40 00000030 T aptHook
00106d70 00000030 T aptUnhook
00106da0 00000084 T APT_SleepIfShellClosed
00106e24 00000084 T aptSetSleepAllowed
00106ea8 00000084 T APT_UnlockTransition
00106f30 00000484 t aptEventHandler
001073b4 000000b0 T APT_ReceiveParameter
00107464 000000b0 t aptReceiveParameter.constprop.0
00107518 000002bc t aptScreenTransfer
001077d4 000002d0 t aptWaitForWakeUp.isra.0
00107aa4 000000f8 T aptJumpToHomeMenu
00107b9c 0000004c T aptMainLoop
00107be8 00000234 T aptInit
00107e1c 0000007c T APT_CheckNew3DS
00107e98 00000024 W hidShouldUseIrrst
00107ebc 0000018c T hidInit
00108048 000000e8 T hidExit
00108130 00000294 T hidScanInput
001083c4 00000010 T hidKeysHeld
001083d4 00000010 T hidKeysDown
001083e4 00000010 T hidKeysUp
001083f4 00000018 T hidTouchRead
0010840c 00000018 T hidCircleRead
00108424 000000c8 T fsInit
001084ec 0000003c T fsExit
00108528 00000060 T fsExemptFromSession
00108588 00000050 T fsUnexemptFromSession
001085d8 000000cc T FSUSER_OpenFile
001086a4 000000d4 T FSUSER_OpenFileDirectly
00108778 000000bc T FSUSER_DeleteFile
00108834 000000f8 T FSUSER_RenameFile
0010892c 000000bc T FSUSER_DeleteDirectory
001089e8 000000d4 T FSUSER_CreateFile
00108abc 000000c4 T FSUSER_CreateDirectory
00108b80 000000f8 T FSUSER_RenameDirectory
00108c78 000000b4 T FSUSER_OpenDirectory
00108d2c 00000094 T FSUSER_OpenArchive
00108dc0 0000008c T FSUSER_CloseArchive
00108e4c 00000074 T FSUSER_GetSdmcArchiveResource
00108ec0 00000064 T FSUSER_IsSdmcWritable
00108f24 00000058 T FSFILE_Read
00108f7c 00000060 T FSFILE_Write
00108fdc 00000038 T FSFILE_GetSize
00109014 00000028 T FSFILE_SetSize
0010903c 0000003c T FSFILE_Close
00109078 00000024 T FSFILE_Flush
0010909c 00000050 T FSDIR_Read
001090ec 0000003c T FSDIR_Close
00109128 00000010 T rbtree_init
00109138 000001a0 t do_insert
001092d8 00000008 T rbtree_insert
001092e0 00000090 T rbtree_rotate
00109370 00000338 T rbtree_remove
001096a8 00000074 T rbtree_find
0010971c 000000e8 T utf16_to_utf8
00109804 00000064 T decode_utf16
00109868 000000c0 T utf8_to_utf16
00109928 000001e0 W __system_allocateHeaps
00109b08 00000038 W __libctru_init
00109b40 000000f0 W __system_initArgv
00109c30 T svcControlMemory
00109c50 T svcQueryMemory
00109c80 T svcExitProcess
00109c88 T svcCreateThread
00109ca8 T svcExitThread
00109cb0 T svcSleepThread
00109cb8 T svcGetThreadPriority
00109ccc T svcReleaseMutex
00109cd4 T svcCreateEvent
00109ce8 T svcSignalEvent
00109cf0 T svcClearEvent
00109cf8 T svcMapMemoryBlock
00109d00 T svcUnmapMemoryBlock
00109d08 T svcCreateAddressArbiter
00109d1c T svcArbitrateAddressNoTimeout
00109d24 T svcCloseHandle
00109d2c T svcWaitSynchronization
00109d34 T svcWaitSynchronizationN
00109d5c T svcDuplicateHandle
00109d70 T svcGetSystemTick
00109d78 T svcConnectToPort
00109d8c T svcSendSyncRequest
00109d94 T svcGetThreadId
00109da8 T svcGetResourceLimit
00109dbc T svcGetResourceLimitLimitValues
00109dc4 T svcGetResourceLimitCurrentValues
00109dcc T svcBreak
00109dd4 W initSystem
00109e24 W __ctru_exit
00109e3c T __aeabi_read_tp
00109e48 00000024 t addrMapNodeComparator(rbtree_node const*, rbtree_node const*)
00109e6c 00000004 t addrMapNodeDestructor(rbtree_node*)
00109e70 00000114 T vramMemAlign
00109f84 00000008 T vramAlloc
00109f8c 0000005c T vramFree
00109fe8 0000000c T __sync_init
00109ff4 00000018 T __sync_fini
0010a00c 0000002c T syncArbitrateAddress
0010a038 0000001c T LightLock_Init
0010a054 00000094 T LightLock_Lock
0010a0e8 00000044 T LightLock_TryLock
0010a12c 00000040 T LightLock_Unlock
0010a16c 00000024 T RecursiveLock_Init
0010a190 00000030 T RecursiveLock_Lock
0010a1c0 00000078 T RecursiveLock_TryLock
0010a238 00000054 T RecursiveLock_Unlock
0010a28c 0000000c T CondVar_Init
0010a298 00000084 T CondVar_Wait
0010a31c 00000088 T CondVar_WakeUp
0010a3a4 00000040 T LightEvent_Init
0010a3e4 000000a4 T LightEvent_Clear
0010a488 000000c8 T LightEvent_Signal
0010a550 00000058 T LightEvent_TryWait
0010a5a8 000000b0 T LightEvent_Wait
0010a658 00000014 T LightSemaphore_Init
0010a66c 00000094 T LightSemaphore_Acquire
0010a700 00000064 T LightSemaphore_Release
0010a764 00000084 W envGetHandle
0010a7e8 00000050 W envDestroyHandles
0010a838 00000074 T osConvertVirtToPhys
0010a8ac 00000054 T osGetTimeRef
0010a900 000000e4 T osGetTime
0010a9e4 00000074 T __libctru_gtod
0010aa58 00000034 T __ctru_speedup_config
0010aa8c 00000124 T srvInit
0010abb0 00000058 T srvExit
0010ac08 00000080 T srvGetServiceHandleDirect
0010ac88 00000048 T srvGetServiceHandle
0010acd0 00000038 T srvPublishToSubscriber
0010ad08 00000188 T threadCreate
0010ae90 00000024 T threadGetHandle
0010aeb4 0000002c T threadFree
0010aee0 00000024 T threadJoin
0010af04 00000030 T threadGetCurrent
0010af34 00000040 T threadExit
0010af74 00000044 t _thread_begin
0010afb8 00000094 t mappableFindAddressWithin
0010b04c 00000028 T mappableInit
0010b074 00000080 T mappableAlloc
0010b0f4 00000004 T mappableFree
0010b0f8 00000160 T irrstInit
0010b258 000000cc T irrstExit
0010b324 000000b0 T irrstScanInput
0010b3d4 00000024 T irrstKeysHeld
0010b3f8 00000018 T irrstCstickRead
0010b410 0000000c T srvPmGetSessionHandle
0010b41c 00000074 T ptmSysmInit
0010b490 0000003c T ptmSysmExit
0010b4cc 00000034 T PTMSYSM_ConfigureNew3DSCPU
0010b500 00000050 T rbtree_node_next
0010b550 00000060 T encode_utf16
0010b5b0 000000fc T encode_utf8
0010b6ac 0000013c T decode_utf8
0010b7e8 00000030 W __appInit
0010b818 00000030 t __libctru_nanosleep
0010b848 00000030 t __libctru_get_reent
0010b878 000000f8 T __system_initSyscalls
0010b970 00000030 W __appExit
0010b9a0 00000090 W __libctru_exit
0010ba30 00000014 t archive_link
0010ba44 00000014 t archive_dirreset
0010ba58 00000014 t archive_chmod
0010ba6c 00000024 t error_cmp
0010ba90 00000050 t archive_translate_error
0010bae0 000000d4 t archive_seek
0010bbb4 0000007c t _archiveInit.part.0
0010bc30 0000008c t archiveFindDevice.part.0
0010bcbc 00000294 t archive_utf16path
0010bf50 000000a0 t _archiveUnmountDeviceStruct.part.0
0010bff0 00000014 t archive_fchmod
0010c004 00000014 t archive_statvfs
0010c018 00000158 t _archiveMountDevice
0010c170 000000e8 t archive_diropen
0010c258 000000a4 t archive_fstat
0010c2fc 0000006c t archive_close
0010c368 0000006c t archive_fsync
0010c3d4 00000070 t archive_dirclose
0010c444 000000e8 t sdmc_statvfs
0010c52c 00000080 t archive_ftruncate
0010c5ac 000000fc t archive_chdir
0010c6a8 000000b0 t archive_read
0010c758 000000ac t archive_unlink
0010c804 000000c8 t archive_rmdir
0010c8cc 000000ec t archive_mkdir
0010c9b8 000001a8 t archive_stat
0010cb60 00000184 t archive_rename
0010cce4 00000168 t archive_dirnext
0010ce4c 0000012c t archive_write
0010cf78 000001f0 t archive_open
0010d168 000001a4 T archiveMountSdmc
0010d30c 00000054 T archiveUnmountAll
0010d360 0000022c T cosf
0010d58c 00000024 t with_errnof
0010d5b0 0000001c T __math_invalidf
0010d5d0 000006f8 T pow
0010dcc8 00000274 T sinf
0010df40 00000138 T scalbn
0010e078 000000c8 T sin
0010e140 00000328 T __ieee754_rem_pio2
0010e468 00000158 T __kernel_cos
0010e5c0 0000088c T __kernel_rem_pio2
0010ee50 000000c0 T __kernel_sin
0010ef10 00000024 t with_errno
0010ef34 00000028 t xflow
0010ef60 00000010 T __math_uflow
0010ef70 00000010 T __math_oflow
0010ef80 00000050 T __math_divzero
0010efd0 0000001c T __math_invalid
0010efec 00000014 T __math_check_uflow
0010f000 00000028 T __math_check_oflow
0010f028 00000014 T fabs
0010f040 00000164 T floor
0010f1a4 00000158 T SDL_InitSubSystem
0010f2fc 00000040 T SDL_Init
0010f33c 0000009c T SDL_QuitSubSystem
0010f3d8 00000018 T SDL_Quit
0010f3f0 00000208 T SDL_SetError
0010f5f8 000002e8 T SDL_GetErrorMsg
0010f8e0 00000010 T SDL_GetError
0010f8f0 00000014 T SDL_ClearError
0010f904 00000058 T SDL_Error
0010f95c 00000020 t SDL_Parachute
0010f97c 0000004c T SDL_InstallParachute
0010f9c8 00000050 T SDL_UninstallParachute
0010fa18 00000030 t SDL_LockAudio_Default
0010fa48 00000030 t SDL_UnlockAudio_Default
0010fa78 0000019c T SDL_RunAudio
0010fc14 000004cc T SDL_OpenAudio
001100e0 00000018 T SDL_PauseAudio
001100f8 00000024 T SDL_LockAudio
0011011c 00000024 T SDL_UnlockAudio
00110140 00000008 T SDL_CloseAudio
00110148 000000ac T SDL_AudioQuit
001101f4 00000104 T SDL_AudioInit
001102f8 000000a8 T SDL_FirstAudioFormat
001103a0 00000054 T SDL_NextAudioFormat
001103f4 00000034 T SDL_CalculateAudioSpec
00110428 0000027c T SDL_ConvertMono
001106a4 00000290 T SDL_ConvertStrip
00110934 00000294 T SDL_ConvertStrip_2
00110bc8 000000a0 T SDL_ConvertStereo
00110c68 00000414 T SDL_ConvertSurround
0011107c 0000038c T SDL_ConvertSurround_4
00111408 00000070 T SDL_Convert16LSB
00111478 00000080 T SDL_Convert16MSB
001114f8 0000008c T SDL_Convert8
00111584 000000a4 T SDL_ConvertSign
00111628 00000064 T SDL_ConvertEndian
0011168c 000000c8 T SDL_RateMUL2
00111754 00000110 T SDL_RateMUL2_c2
00111864 00000178 T SDL_RateMUL2_c4
001119dc 000001e0 T SDL_RateMUL2_c6
00111bbc 000000e8 T SDL_RateDIV2
00111ca4 000000f4 T SDL_RateDIV2_c2
00111d98 0000011c T SDL_RateDIV2_c4
00111eb4 00000158 T SDL_RateDIV2_c6
0011200c 00000058 T SDL_ConvertAudio
00112068 000005e0 T SDL_BuildAudioCVT
00112648 0000004c t stdio_write
00112694 0000004c t stdio_read
001126e0 00000034 t stdio_seek
00112714 00000034 t stdio_close
00112748 000000bc T SDL_RWFromFile
00112804 00000004 T SDL_FreeRW
00112808 00000030 T SDL_ReadBE16
00112838 00000028 T SDL_ReadLE32
00112860 0000002c T SDL_ReadBE32
0011288c 000000b8 t SDL_DelThread.part.0
00112944 0000009c T SDL_GetErrBuf
001129e0 0000003c T SDL_RunThread
00112a1c 00000184 T SDL_CreateThread
00112ba0 0000004c T SDL_WaitThread
00112bec 00000004 t callback_wrapper
00112bf0 0000008c t SDL_AddTimerInternal
00112c7c 00000044 T SDL_SetTimerThreaded
00112cc0 0000013c T SDL_ThreadedTimerCheck
00112dfc 00000154 T SDL_SetTimer
00112f50 00000068 T SDL_TimerQuit
00112fb8 00000098 T SDL_TimerInit
00113050 00000090 t SDL_WM_GrabInputRaw
001130e0 00000118 T SDL_VideoQuit
001131f8 0000021c T SDL_VideoInit
00113414 000000c0 t SDL_JoystickClose.part.0
001134d4 00000068 T SDL_JoystickInit
0011353c 000000a0 T SDL_JoystickQuit
001135dc 0000009c T SDL_PrivateJoystickAxis
00113678 000000ac T SDL_PrivateJoystickButton
00113724 0000003c T SDL_JoystickUpdate
00113760 00000018 T SDL_StartTicks
00113778 00000068 T SDL_GetTicks
001137e0 00000010 T SDL_Delay
001137f0 00000008 T SDL_SYS_TimerInit
001137f8 00000004 T SDL_SYS_TimerQuit
001137fc 00000018 T SDL_SYS_StartTimer
00113814 00000004 T SDL_SYS_StopTimer
00113818 00000008 t N3DSAUD_Available
00113820 0000000c t N3DSAUD_GetAudioBuf
0011382c 00000138 t N3DSAUD_CreateDevice
00113964 0000005c t N3DSAUD_DeleteDevice
001139c0 0000000c t N3DSAUD_UnlockAudio
001139cc 0000000c t N3DSAUD_LockAudio
001139d8 000000c4 t N3DSAUD_CloseAudio
00113a9c 00000074 t audioFrameFinished
00113b10 000000a8 t N3DSAUD_PlayAudio
00113bb8 00000078 t N3DSAUD_WaitAudio
00113c30 00000268 t N3DSAUD_OpenAudio
00113e98 0000005c t N3DSAUD_DspHook
00113ef4 00000014 T SDL_SYS_JoystickInit
00113f08 00000514 T SDL_SYS_JoystickUpdate
0011441c 00000004 T SDL_SYS_JoystickClose
00114420 00000004 T SDL_SYS_JoystickQuit
00114424 00000028 T SDL_CreateMutex
0011444c 0000000c T SDL_DestroyMutex
00114458 0000002c T SDL_mutexP
00114484 0000002c T SDL_mutexV
001144b0 00000034 T SDL_CreateSemaphore
001144e4 0000000c T SDL_DestroySemaphore
001144f0 00000030 T SDL_SemWait
00114520 00000014 T SDL_SemPost
00114534 00000004 T ThreadEntry
00114538 000000b0 T SDL_SYS_CreateThread
001145e8 00000004 T SDL_SYS_SetupThread
001145ec 00000038 T SDL_ThreadID
00114624 00000010 T SDL_SYS_WaitThread
00114634 00000008 t N3DS_Available
0011463c 00000008 t N3DS_ListModes
00114644 00000008 t N3DS_AllocHWSurface
0011464c 00000008 t N3DS_LockHWSurface
00114654 00000004 t N3DS_UnlockHWSurface
00114658 00000064 t N3DS_SetColors
001146bc 00000110 t N3DS_CreateDevice
001147cc 00000024 t N3DS_DeleteDevice
001147f0 00000048 t N3DS_VideoInit
00114838 00000174 t N3DS_FlipHWSurface.part.0
00114838 00000174 t N3DS_UpdateRects.part.0
001149ac 00000024 t N3DS_FlipHWSurface
001149d0 00000020 t N3DS_UpdateRects
001149f0 00000004 t N3DS_FreeHWSurface
001149f4 000000ec t N3DS_VideoQuit
00114ae0 000000ac T N3DS_SetScaling
00114b8c 0000089c t N3DS_SetVideoMode
00115428 0000003c T N3DS_ToggleFullScreen
00115464 00000114 T drawTexture
00115578 000002dc t videoThread
00115854 000000ec t SDL_GobbleEvents
00115940 00000064 T SDL_Lock_EventThread
001159a4 00000044 T SDL_Unlock_EventThread
001159e8 00000078 T SDL_StopEventLoop
00115a60 00000120 T SDL_StartEventLoop
00115b80 0000021c T SDL_PeepEvents
00115d9c 00000028 T SDL_PushEvent
00115dc4 00000b98 T SDL_KeyboardInit
0011695c 00000004 T SDL_KeyboardQuit
00116960 0000008c T SDL_CheckKeyRepeat
001169ec 00000078 t ClipOffset
00116a64 00000060 T SDL_MouseInit
00116ac4 00000004 T SDL_MouseQuit
00116ac8 00000038 T SDL_GetMouseState
00116b00 000001c4 T SDL_PrivateMouseMotion
00116cc4 00000210 T SDL_PrivateMouseButton
00116ed4 00000070 t SDL_HandleSIG
00116f44 00000048 T SDL_QuitInit
00116f8c 00000050 T SDL_QuitQuit
00116fdc 000000d0 T SDL_MouseRect
001170ac 000006d8 T SDL_DrawCursorNoLock
00117784 000000c0 T SDL_DrawCursor
00117844 00000188 T SDL_EraseCursorNoLock
001179cc 000000c0 T SDL_EraseCursor
00117a8c 000001d0 T SDL_SetCursor
00117c5c 000000a8 T SDL_FreeCursor
00117d04 00000098 T SDL_CursorQuit
00117d9c 000001b0 T SDL_CreateCursor
00117f4c 00000090 T SDL_CursorInit
00117fdc 000000b8 T SDL_MoveCursor
00118094 00000054 T SDL_FormatChanged
001180e8 00000040 T SDL_FreeFormat
00118128 000004e0 T SDL_AllocFormat
00118608 00000100 T SDL_ReallocFormat
00118708 00000054 T SDL_CalculatePitch
0011875c 0000007c T SDL_FindColor
001187d8 00000064 T SDL_MapRGB
0011883c 0000005c T SDL_AllocBlitMap
00118898 00000038 T SDL_FreeBlitMap
001188d0 00000094 T SDL_LockSurface
00118964 00000064 T SDL_UnlockSurface
001189c8 00000480 T SDL_FillRect
00118e48 00000150 T SDL_FreeSurface
00118f98 00000294 T SDL_CreateRGBSurface
0011922c 00000190 T N3DS_PumpEvents
001193bc 00000004 T N3DS_InitOSKeymap
001193c0 00000018 T SDL_AppActiveInit
001193d8 00000004 T SDL_AppActiveQuit
001193dc 00000104 t copy_opaque_16
001194e0 00000120 t uncopy_opaque_16
00119600 000000fc t copy_transl_565
001196fc 000000fc t copy_transl_555
001197f8 00000124 t uncopy_transl_16
0011991c 000000dc t copy_32
001199f8 00000110 t uncopy_32
00119b08 00000008 t getpix_8
00119b10 00000008 t getpix_16
00119b18 00000018 t getpix_24
00119b30 00000008 t getpix_32
00119b38 000023ec T SDL_RLEBlit
0011bf24 00000248 T SDL_UnRLESurface
0011c16c 00000d84 T SDL_RLESurface
0011cef0 00000068 T _Eff_PositionDeinit
0011cf58 00000028 T _Mix_InitEffects
0011cf80 00000004 T _Mix_DeinitEffects
0011cf84 00000058 t _Mix_remove_all_effects
0011cfdc 000000ac t Mix_DoEffects
0011d088 000000d4 T Mix_Init
0011d15c 0000005c T Mix_Quit
0011d1b8 00000098 T Mix_Volume
0011d250 00000470 t mix_channels
0011d6c0 000000f4 T Mix_HaltChannel
0011d7b4 0000012c T Mix_CloseAudio
0011d8e0 00000258 T Mix_OpenAudio
0011db38 00000088 t music_internal_volume
0011dbc0 000000a0 t music_internal_halt
0011dc60 00000070 t music_internal_position
0011dcd0 000000d4 t music_internal_playing
0011dda4 000001c8 t detect_music_type
0011df70 00000164 t music_internal_play
0011e0d8 0000007c t music_halt_or_loop.isra.0
0011e154 000001f0 T music_mixer
0011e348 00000280 T open_music
0011e5c8 0000008c T MIX_string_equals
0011e654 00000234 T Mix_LoadMUSType_RW
0011e888 000001bc T Mix_LoadMUS
0011ea44 0000010c T Mix_FadeInMusicPos
0011eb50 00000010 T Mix_FadeInMusic
0011eb60 00000050 T Mix_VolumeMusic
0011ebb0 00000060 T close_music
0011ec10 00000028 T WAVStream_Init
0011ec38 00000010 T WAVStream_SetVolume
0011ec48 00000650 T WAVStream_LoadSong_RW
0011f298 0000002c T WAVStream_Start
0011f2c4 000001b4 T WAVStream_PlaySome
0011f478 00000014 T WAVStream_Stop
0011f48c 00000044 T WAVStream_Active
0011f4d0 00000134 T Mix_InitMOD
0011f604 0000001c T Mix_QuitMOD
0011f620 00000034 T LMM_Seek
0011f654 00000028 T LMM_Tell
0011f67c 0000001c T LMM_Read
0011f698 00000034 T LMM_Get
0011f6cc 00000034 T LMM_Eof
0011f700 000001f4 T MOD_init
0011f8f4 00000018 T MOD_exit
0011f90c 00000014 T MOD_setvolume
0011f920 000000e8 T MikMod_LoadSongRW
0011fa08 000000a0 T MOD_new_RW
0011faa8 00000010 T MOD_play
0011fab8 00000010 T MOD_playing
0011fac8 000001fc T MOD_playAudio
0011fcc4 00000010 T MOD_stop
0011fcd4 0000001c T MOD_jump_to_time
0011fcf0 000001cc t recompute_freq
0011fec0 000004f4 t recompute_amp
001203b4 00000090 t finish_note
00120444 000000f0 t note_off
00120534 00000078 t adjust_volume
001205ac 000000e4 t do_compute_data.part.0
00120690 00000090 t select_sample.isra.0
00120720 0000085c t start_note
00120f80 000005c4 t skip_to
00121548 000003c8 t compute_data
00121910 00000ca4 T Timidity_PlaySome
001225b8 00000114 T Timidity_SetVolume
001226cc 000000a0 T Timidity_LoadSong_RW
00122770 0000009c T Timidity_Start
0012280c 00000010 T Timidity_Active
0012281c 00000014 T Timidity_Stop
00122830 00000050 T Timidity_Close
00122880 0000009c t compute_sample_increment
0012291c 00000944 t groom_list
00123260 00001378 t read_track
001245d8 000004ec T read_midi_file
00124ac4 00000004 T init_tables
00124ac8 00000a0c t read_config_file
001254d4 000002d4 T Timidity_Init
001257a8 0000000c T Timidity_Error
001257b4 00000064 T Mix_InitOgg
00125818 0000001c T Mix_QuitOgg
00125834 0000002c t sdl_read_func
00125860 00000010 t sdl_seek_func
00125870 00000010 t sdl_tell_func
00125880 00000148 t OGG_getsome
001259c8 00000028 T OGG_init
001259f0 00000008 T OGG_setvolume
001259f8 00000124 T OGG_new_RW
00125b1c 0000000c T OGG_play
00125b28 00000008 T OGG_playing
00125b30 0000009c T OGG_playAudio
00125bcc 0000000c T OGG_stop
00125bd8 00000030 T OGG_jump_to_time
00125c08 0000013c t read_next_frame
00125d44 000000a0 T mad_openFileRW
00125de4 00000014 T mad_start
00125df8 00000014 T mad_stop
00125e0c 00000014 T mad_isPlaying
00125e20 00000284 T mad_getSamples
001260a8 000000f0 T mad_seek
00126198 0000000c T mad_setVolume
001261a4 00000028 T close_file
001261cc 000000a0 T skip
0012626c 0000007c T safe_malloc
001262e8 00000048 T add_to_pathlist
00126330 000002cc T open_file
001265fc 00000050 T free_pathlist
0012664c 00000100 t free_layer
0012674c 000000c8 t free_old_bank
00126814 00000068 t free_bank
00126880 00001310 t load_instrument.constprop.0
00127b90 000004d8 t fill_bank
00128068 00000080 T load_missing_instruments
001280e8 0000005c T free_instruments
00128144 0000007c T set_default_instrument
001281c0 000000f8 T recompute_envelope
001282b8 000001f4 T apply_envelope_to_amp
001284b0 0000015c t update_signal
0012860c 00000e20 T mix_voice
0012942c 00000038 T s32tos8
00129464 00000040 T s32tou8
001294a4 00000048 T s32tos16
001294ec 0000004c T s32tou16
00129538 0000004c T s32tos16x
00129584 0000005c T s32tou16x
001295e0 000001d4 t update_vibrato
001297b4 00000a88 T resample_voice
0012a240 000002d4 T pre_resample
0012a514 00000018 t ctl_open
0012a52c 00000014 t ctl_close
0012a540 00000008 t ctl_read
0012a548 00000004 t ctl_refresh
0012a54c 00000004 t ctl_total_time
0012a550 00000004 t ctl_file_name
0012a554 00000004 t ctl_program
0012a558 0000005c t cmsg
0012a5b4 00000004 t ctl_sustain
0012a5b8 00000004 t ctl_note
0012a5bc 00000004 t ctl_pitch_bend
0012a5c0 00000004 t ctl_volume
0012a5c4 00000004 t ctl_expression
0012a5c8 00000004 t ctl_panning
0012a5cc 00000004 t ctl_master_volume
0012a5d0 00000004 t ctl_current_time
0012a5d4 00000004 t ctl_reset
0012a5d8 00000568 T antialiasing
0012ab40 00000024 t reduce_rational.part.0
0012ab64 0000013c t scale_rational
0012aca0 00000064 T mad_timer_compare
0012ad04 00000214 T mad_timer_set
0012af18 00000068 T mad_timer_add
0012af80 00000058 T mad_stream_init
0012afd8 00000024 T mad_stream_buffer
0012affc 00000084 T mad_stream_sync
0012b080 00000254 t decode_header
0012b2d4 00000090 T mad_frame_init
0012b364 000004c8 T mad_header_decode
0012b82c 000000d4 T mad_frame_decode
0012b900 00000f28 t dct32
0012c828 000004ec t synth_full
0012cd14 000004b4 t synth_half
0012d1c8 000000b8 T mad_synth_init
0012d280 000000c4 T mad_synth_frame
0012d344 00000560 T mad_layer_I
0012d8a4 00000bdc T mad_layer_II
0012e480 00000a04 t III_imdct_s
0012ee84 00002b00 t III_decode
00131984 000007b8 T mad_layer_III
0013213c 0000000c T mad_bit_init
00132148 00000028 T mad_bit_length
00132170 00000014 T mad_bit_nextbyte
00132184 00000048 T mad_bit_skip
001321cc 000000c0 T mad_bit_read
0013228c 00000494 T mad_bit_crc
00132720 00000008 t NS_IsThere
00132728 0000001c t NS_Update
00132744 00000024 t NS_Exit
00132768 00000020 t NS_Init
00132788 00000014 T MikMod_realloc
0013279c 0000005c T MikMod_malloc
001327f8 00000048 T MikMod_calloc
00132840 0000000c T MikMod_free
0013284c 00000078 T MikMod_strdup
001328c4 0000001c T MikMod_strerror
001328e0 000005f0 t MikMod_SetNumVoices_internal.part.7
00132ed0 000001f0 t _mm_init
001330c0 00000054 T MD_SampleSpace
00133114 00000054 T MD_SampleLength
00133168 000000dc T MikMod_InfoDriver
00133244 0000006c T MikMod_RegisterDriver
001332b0 00000074 T MD_SampleLoad
00133324 00000014 T MD_SampleUnload
00133338 00000098 T Voice_SetVolume_internal
001333d0 0000005c T Voice_SetFrequency_internal
0013342c 00000094 T Voice_SetPanning_internal
001334c0 00000070 T Voice_Play_internal
00133530 00000044 T Voice_Stop_internal
00133574 00000034 T Voice_Stopped_internal
001335a8 00000004 T MikMod_Init
001335ac 00000080 T MikMod_Exit
0013362c 00000014 T MikMod_SetNumVoices_internal
00133640 00000054 T MikMod_EnableOutput
00133694 00000030 T MikMod_DisableOutput_internal
001336c4 00000010 T MikMod_Active
001336d4 00000164 t ML_FreeEx
00133838 00000464 t Player_LoadGeneric_internal
00133c9c 000000c4 T MikMod_InfoLoader
00133d60 00000038 T _mm_registerloader
00133d98 000000a4 T ReadComment
00133e3c 00000158 T ReadLinedComment
00133f94 00000048 T AllocPositions
00133fdc 000000e8 T AllocPatterns
001340c4 0000004c T AllocTracks
00134110 00000098 T AllocInstruments
001341a8 00000090 T AllocSamples
00134238 00000148 T DupStr
00134380 00000020 T Player_Free
001343a0 00000004 T Player_LoadGeneric
001343a4 000000f8 T MikMod_RegisterAllLoaders
0013449c 00000028 t DoKeyOff
001344c4 000000ac t DoITEffectW
00134570 00000058 t DoITEffectT
001345c8 000000a0 t DoITEffectP
00134668 00000098 t DoITEffectN
00134700 00000038 t DoITEffectM
00134738 00000068 t DoITEffectI
001347a0 00000068 t DoXMEffectX2
00134808 00000068 t DoXMEffectX1
00134870 0000006c t DoXMEffectP
001348dc 000000a4 t DoXMEffectL
00134980 0000006c t DoXMEffectH
001349ec 00000028 t DoXMEffectG
00134a14 00000050 t DoXMEffectEB
00134a64 00000050 t DoXMEffectEA
00134ab4 00000068 t DoXMEffectA
00134b1c 0000003c t DoS3MEffectT
00134b58 0000007c t DoS3MEffectI
00134bd4 0000005c t DoS3MEffectA
00134c30 0000008c t DoPTEffectF
00134cbc 000000f0 t DoPTEffectD
00134dac 00000040 t DoPTEffectC
00134dec 000000f0 t DoPTEffectB
00134edc 00000030 t DoPTEffect8
00134f0c 00000010 t DoNothing
00134f1c 0000010c t DoS3MEffectR
00135028 00000018 t DoMEDSpeed
00135040 00000050 t DoULTEffect9
00135090 000001d8 t ProcessEnvelope.isra.0
00135268 00000228 t DoNNAEffects.isra.7
00135490 00000040 t DoXMEffectE2
001354d0 00000040 t DoXMEffectE1
00135510 00000054 t DoKeyFade
00135564 0000016c t DoS3MEffectQ
001356d0 00000068 t DoPTEffect9
00135738 00000054 t DoPTEffect2
0013578c 00000054 t DoPTEffect1
001357e0 00000110 t DoITEffectY
001358f0 000000dc t DoITEffectU
001359cc 0000013c t DoPTEffect6
00135b08 000000e8 t DoS3MEffectU
00135bf0 00000118 t DoPTEffect7
00135d08 000003d4 t DoEEffects
001360dc 00000184 t DoITEffectS0
00136260 000000dc t DoITEffectH
0013633c 00000070 t DoPTEffectA
001363ac 0000008c t DoS3MEffectE
00136438 0000008c t DoS3MEffectF
001364c4 00000110 t DoPTEffect5
001365d4 000000d8 t DoPTEffect3
001366ac 000000f8 t DoITEffectG
001367a4 000000d8 t DoS3MEffectD
0013687c 0000011c t DoXMEffect6
00136998 000001c4 t DoPTEffect0
00136b5c 00000260 t DoOktArp
00136dbc 000000ec t DoPTEffect4
00136ea8 0000043c t DoVolEffects
001372e4 000003dc t DoPTEffectE
001376c0 0000014c t DoMEDEffectF3
0013780c 00000140 t DoMEDEffectF1
0013794c 00000068 t DoMEDEffectF2
001379b4 00000018 T getlinearperiod
001379cc 00000078 T getfrequency
00137a44 00001b18 T Player_HandleTick
0013955c 000002e8 T Player_Init
00139844 00000080 T Player_Exit_internal
001398c4 0000002c T Player_SetVolume
001398f0 00000080 T Player_Start
00139970 00000060 T Player_Stop
001399d0 00000030 T Player_Active
00139a00 00000360 T Player_SetPosition
00139d60 00000030 T UniSetRow
00139d90 0000002c T UniGetByte
00139dbc 00000068 T UniGetWord
00139e24 00000080 T UniSkipOpcode
00139ea4 00000058 T UniFindRow
00139efc 00000028 T UniReset
00139f24 00000060 T UniWriteByte
00139f84 00000070 T UniWriteWord
00139ff4 00000100 T UniNewline
0013a0f4 00000080 T UniDup
0013a174 0000002c T UniInit
0013a1a0 00000020 T UniCleanup
0013a1c0 0000020c t DitherSamples.part.1
0013a3cc 0000005c T SL_Init
0013a428 0000003c T SL_Exit
0013a464 00000b58 T SL_Load
0013afbc 000000a0 T SL_RegisterSample
0013b05c 00000080 T SL_LoadSamples
0013b0dc 00000024 T SL_Sample8to16
0013b100 00000024 T SL_SampleSigned
0013b124 00000010 T VC_Init
0013b134 00000010 T VC_Exit
0013b144 00000010 T VC_SetNumVoices
0013b154 00000010 T VC_SampleSpace
0013b164 00000010 T VC_SampleLength
0013b174 00000010 T VC_PlayStart
0013b184 00000010 T VC_PlayStop
0013b194 00000010 T VC_SampleLoad
0013b1a4 00000010 T VC_SampleUnload
0013b1b4 00000010 T VC_WriteBytes
0013b1c4 00000010 T VC_VoiceSetVolume
0013b1d4 00000010 T VC_VoiceGetVolume
0013b1e4 00000010 T VC_VoiceSetFrequency
0013b1f4 00000010 T VC_VoiceGetFrequency
0013b204 00000010 T VC_VoiceSetPanning
0013b214 00000010 T VC_VoiceGetPanning
0013b224 00000024 T VC_VoicePlay
0013b248 00000010 T VC_VoiceStop
0013b258 00000010 T VC_VoiceStopped
0013b268 00000010 T VC_VoiceGetPosition
0013b278 00000010 T VC_VoiceRealVolume
0013b288 0000022c T VC_SetupPointers
0013b4b4 00000058 t S69_LoadTitle
0013b50c 0000002c t S69_Cleanup
0013b538 0000017c t S69_Test
0013b6b4 000007a4 t S69_Load
0013be58 0000003c t S69_Init
0013be94 00000058 t AMF_LoadTitle
0013beec 0000002c t AMF_Cleanup
0013bf18 00000eb0 t AMF_Load
0013cdc8 0000007c t AMF_Test
0013ce44 0000003c t AMF_Init
0013ce80 0000000c t ASY_LoadTitle
0013ce8c 0000002c t ASY_Cleanup
0013ceb8 0000066c t ASY_Load
0013d524 00000078 t ASY_Test
0013d59c 0000002c t ASY_Init
0013d5c8 00000058 t DSM_LoadTitle
0013d620 0000002c t DSM_Cleanup
0013d64c 00000060 t DSM_Test
0013d6ac 000000ec t GetBlockHeader
0013d798 00000948 t DSM_Load
0013e0e0 0000003c t DSM_Init
0013e11c 00000058 t FAR_LoadTitle
0013e174 00000038 t FAR_Cleanup
0013e1ac 00000920 t FAR_Load
0013eacc 00000084 t FAR_Test
0013eb50 00000058 t FAR_Init
0013eba8 00000058 t GDM_LoadTitle
0013ec00 0000002c t GDM_Cleanup
0013ec2c 00000d3c t GDM_Load
0013f968 000000b0 t GDM_Test
0013fa18 00000038 t GDM_Init
0013fa50 00000058 t IMF_LoadTitle
0013faa8 00000030 t IMF_Cleanup
0013fad8 00000118 t IMF_Test
0013fbf0 0000034c t IMF_ProcessCmd.part.0
0013ff3c 0000160c t IMF_Load
00141548 00000038 t IMF_Init
00141580 00000064 t LoadMidiString
001415e4 00000058 t IT_LoadTitle
0014163c 0000007c t IT_Cleanup
001416b8 000001b0 t IT_LoadMidiConfiguration
00141868 00001d08 t IT_Load
00143570 00000048 t IT_Test
001435b8 00000088 t IT_Init
00143640 00000060 t M15_LoadTitle
001436a0 0000002c t M15_Cleanup
001436cc 00000028 t M15_Init
001436f4 000001e4 t LoadModuleHeader.part.0
001438d8 00000328 t M15_Test
00143c00 00000838 t M15_Load
00144438 000000bc t MED_LoadTitle
001444f4 0000005c t MED_Cleanup
00144550 000001c0 t EffectCvt
00144710 0000100c t MED_Load
0014571c 00000058 t MED_Test
00145774 00000058 t MED_Init
001457cc 00000060 t MOD_LoadTitle
0014582c 0000002c t MOD_Cleanup
00145858 0000025c t ConvertNote
00145ab4 0000002c t MOD_Init
00145ae0 000001c4 t MOD_Test
00145ca4 00000ad8 t MOD_Load
0014677c 00000058 t MTM_LoadTitle
001467d4 0000002c t MTM_Cleanup
00146800 000000c0 t MTM_Convert
001468c0 0000056c t MTM_Load
00146e2c 00000064 t MTM_Test
00146e90 0000003c t MTM_Init
00146ecc 0000000c t OKT_LoadTitle
00146ed8 0000006c t OKT_Test
00146f44 000009d0 t OKT_Load
00147914 00000058 t S3M_LoadTitle
0014796c 00000060 t S3M_Cleanup
001479cc 0000005c t S3M_Test
00147a28 00000bd4 t S3M_Load
001485fc 0000006c t S3M_Init
00148668 00000058 t STM_LoadTitle
001486c0 0000002c t STM_Cleanup
001486ec 000000c4 t STM_Test
001487b0 0000084c t STM_Load
00148ffc 00000040 t STM_Init
0014903c 00000058 t STX_LoadTitle
00149094 0000004c t STX_Cleanup
001490e0 00000b1c t STX_Load
00149bfc 000000e8 t STX_Test
00149ce4 0000006c t STX_Init
00149d50 00000008 t ULT_Init
00149d58 00000004 t ULT_Cleanup
00149d5c 00000058 t ULT_LoadTitle
00149db4 00000064 t ULT_Test
00149e18 000007ac t ULT_Load
0014a5c4 00000038 t UMX_Init
0014a5fc 00000074 t UMX_Load
0014a670 00000084 t UMX_LoadTitle
0014a6f4 00000048 t UMX_Cleanup
0014a73c 000009dc t UMX_Test
0014b118 00000008 t UNI_Init
0014b120 00000024 t UNI_Cleanup
0014b144 000000a8 t UNI_Test
0014b1ec 000000bc t UNI_LoadTitle
0014b2a8 0000185c t UNI_Load
0014cb04 00000058 t FixEnvelope
0014cb5c 00000058 t XM_LoadTitle
0014cbb4 00000020 t XM_Cleanup
0014cbd4 000003c8 t XM_Convert
0014cf9c 00000920 t LoadInstruments
0014d8bc 00000060 t XM_Test
0014d91c 00000028 t XM_Init
0014d944 000004e0 t LoadPatterns
0014de24 0000062c t XM_Load
0014e450 00000028 t _mm_MemReader_Eof
0014e478 00000028 t _mm_MemReader_Get
0014e4a0 00000090 t _mm_MemReader_Seek
0014e530 00000014 t _mm_MemReader_Tell
0014e544 000001e8 t _mm_MemReader_Read
0014e72c 00000020 T _mm_iobase_setcur
0014e74c 0000000c T _mm_iobase_revert
0014e758 00000004 T _mm_delete_mem_reader
0014e75c 0000006c T _mm_new_mem_reader
0014e7c8 00000024 T _mm_read_string
0014e7ec 00000030 T _mm_read_M_UWORD
0014e81c 00000030 T _mm_read_I_UWORD
0014e84c 00000060 T _mm_read_M_ULONG
0014e8ac 00000058 T _mm_read_I_ULONG
0014e904 00000034 T _mm_read_M_SWORD
0014e938 00000030 T _mm_read_I_SWORD
0014e968 00000060 T _mm_read_M_SLONG
0014e9c8 00000058 T _mm_read_I_SLONG
0014ea20 00000064 T _mm_read_M_SWORDS
0014ea84 00000064 T _mm_read_M_UWORDS
0014eae8 00000060 T _mm_read_I_SWORDS
0014eb48 00000060 T _mm_read_I_UWORDS
0014eba8 00000098 T _mm_read_M_ULONGS
0014ec40 00000090 T _mm_read_I_ULONGS
0014ecd0 0000005c t MMCMP_GetBits.part.0
0014ed2c 0000086c T MMCMP_Unpack
0014f598 00000520 T PP20_Unpack
0014fab8 0000006c t getb
0014fb24 000007e8 T S404_Unpack
0015030c 00000334 t copy_data
00150640 00000764 T XPK_Unpack
00150da4 00000074 T _mm_strcasecmp
00150e18 00000038 T AllocLinear
00150e50 00000024 T FreeLinear
00150e74 000000fc T speed_to_finetune
00150f70 000000ec T S3MIT_CreateOrders
0015105c 0000067c T S3MIT_ProcessCmd
001516d8 00000050 T UniEffect
00151728 00000084 T UniPTEffect
001517ac 00000034 T UniVolEffect
001517e0 0000032c t MixReverb_Normal
00151b0c 000004e0 t MixReverb_Stereo
00151fec 00000060 t MixLowPass_Stereo
0015204c 0000003c t MixLowPass_Normal
00152088 00000098 T VC1_SilenceBytes
00152120 0000003c T VC1_Exit
0015215c 0000001c T VC1_VoiceGetVolume
00152178 0000001c T VC1_VoiceGetPanning
00152194 0000001c T VC1_VoiceSetFrequency
001521b0 0000001c T VC1_VoiceGetFrequency
001521cc 00000048 T VC1_VoicePlay
00152214 00000020 T VC1_VoiceStop
00152234 00000024 T VC1_VoiceStopped
00152258 00000028 T VC1_VoiceGetPosition
00152280 00000038 T VC1_VoiceSetVolume
001522b8 00000038 T VC1_VoiceSetPanning
001522f0 00000038 T VC1_SampleUnload
00152328 00000204 T VC1_SampleLoad
0015252c 00000008 T VC1_SampleSpace
00152534 00000020 T VC1_SampleLength
00152554 000000b0 T VC1_VoiceRealVolume
00152604 00001af4 T VC1_WriteSamples
001540f8 000000f4 T VC1_WriteBytes
001541ec 000000c4 T VC1_Init
001542b0 000002e0 T VC1_PlayStart
00154590 000000d4 T VC1_PlayStop
00154664 000000ac T VC1_SetNumVoices
00154710 0000032c t MixReverb_Normal
00154a3c 000004e0 t MixReverb_Stereo
00154f1c 00000060 t MixLowPass_Stereo
00154f7c 0000003c t MixLowPass_Normal
00154fb8 000000e0 t Mix32ToFP_Normal
00155098 0000018c t Mix32ToFP_Stereo
00155224 000000ec t Mix32To16_Normal
00155310 000001b0 t Mix32To16_Stereo
001554c0 000000dc t Mix32To8_Normal
0015559c 00000190 t Mix32To8_Stereo
0015572c 00000098 T VC2_SilenceBytes
001557c4 0000003c T VC2_Exit
00155800 00000020 T VC2_VoiceGetVolume
00155820 00000020 T VC2_VoiceGetPanning
00155840 00000020 T VC2_VoiceSetFrequency
00155860 00000020 T VC2_VoiceGetFrequency
00155880 0000004c T VC2_VoicePlay
001558cc 00000024 T VC2_VoiceStop
001558f0 00000028 T VC2_VoiceStopped
00155918 0000002c T VC2_VoiceGetPosition
00155944 0000003c T VC2_VoiceSetVolume
00155980 0000003c T VC2_VoiceSetPanning
001559bc 00000038 T VC2_SampleUnload
001559f4 00000204 T VC2_SampleLoad
00155bf8 00000008 T VC2_SampleSpace
00155c00 00000020 T VC2_SampleLength
00155c20 000000b4 T VC2_VoiceRealVolume
00155cd4 000012f0 T VC2_WriteSamples
00156fc4 000000f4 T VC2_WriteBytes
001570b8 00000118 T VC2_Init
001571d0 000002f4 T VC2_PlayStart
001574c4 000000d4 T VC2_PlayStop
00157598 000000c0 T VC2_SetNumVoices
00157658 00000124 t _get_next_page
0015777c 00000104 t _initial_pcmoffset
00157880 00000080 t _seek_helper
00157900 00000098 t _make_decode_ready
00157998 00000208 t _get_prev_page_serial
00157ba0 00000354 t _fetch_headers
00157ef4 00000538 t _bisect_forward_serialno
0015842c 0000036c t _fetch_and_process_packet.constprop.10
00158798 000000f4 T ov_clear
0015888c 00000214 t _ov_open1
00158aa0 0000004c T ov_pcm_total
00158aec 00000058 t ov_pcm_total.part.3
00158b44 000000a0 T ov_time_total
00158be4 00000058 t ov_time_total.part.4
00158c3c 0000049c T ov_raw_seek
001590d8 000001ac t _open_seekable2
00159284 000000a0 T ov_open_callbacks
00159324 00000b08 T ov_pcm_seek_page
00159e2c 00000390 T ov_pcm_seek
0015a1bc 0000014c T ov_time_seek
0015a308 00000058 T ov_info
0015a360 0000017c T ov_read
0015a4dc 00000024 T vorbis_block_init
0015a500 00000074 T _vorbis_block_alloc
0015a574 00000078 T _vorbis_block_ripcord
0015a5ec 00000034 T vorbis_block_clear
0015a620 00000078 T vorbis_synthesis_restart
0015a698 00000124 T vorbis_dsp_clear
0015a7bc 000002cc T vorbis_synthesis_init
0015aa88 00000650 T vorbis_synthesis_blockin
0015b0d8 00000074 T vorbis_synthesis_pcmout
0015b14c 00000030 T vorbis_synthesis_read
0015b17c 000000b8 T _vorbis_window
0015b234 00000164 T _vorbis_apply_window
0015b398 000001c4 t _vorbis_synthesis1
0015b55c 00000008 T vorbis_synthesis
0015b564 00000008 T vorbis_synthesis_trackonly
0015b56c 00000088 T vorbis_packet_blocksize
0015b5f4 00000018 T vorbis_comment_init
0015b60c 0000008c T vorbis_comment_clear
0015b698 00000014 T vorbis_info_blocksize
0015b6ac 00000040 T vorbis_info_init
0015b6ec 000001a8 T vorbis_info_clear
0015b894 000000b0 T vorbis_synthesis_idheader
0015b944 000006b0 T vorbis_synthesis_headerin
0015bff4 000003d0 T vorbis_staticbook_unpack
0015c3c4 000001b0 T vorbis_book_decode
0015c574 00000550 T vorbis_book_decodevs_add
0015cac4 00000448 T vorbis_book_decodev_add
0015cf0c 00000460 T vorbis_book_decodev_set
0015d36c 00000424 T vorbis_book_decodevv_add
0015d790 0000005c t bitreverse
0015d7ec 0000002c t sort32a
0015d818 00000024 T _ilog
0015d83c 00000284 T _make_words
0015dac0 000000ac T _book_maptype1_quantvals
0015db6c 00000728 t _book_unquantize.part.1
0015e294 00000034 T vorbis_staticbook_destroy
0015e2c8 0000006c T vorbis_book_clear
0015e334 000004d0 T vorbis_book_init_decode
0015e804 00000018 t icomp
0015e81c 00000240 t floor1_inverse2
0015ea5c 00000324 t floor1_inverse1
0015ed80 0000000c t floor1_free_look
0015ed8c 0000000c t floor1_free_info
0015ed98 00000208 t floor1_look
0015efa0 0000031c t floor1_unpack
0015f2bc 00000154 t floor0_inverse1
0015f410 0000000c t floor0_free_info
0015f41c 0000011c t floor0_unpack
0015f538 00000038 t floor0_free_look
0015f570 00000244 t floor0_look
0015f7b4 000003e0 T vorbis_lsp_to_curve
0015fb94 0000006c t floor0_inverse2
0015fc00 0000000c T res0_free_info
0015fc0c 00000218 T res0_unpack
0015fe24 000002a8 T res0_look
001600cc 000002bc t _01inverse
00160388 00000068 T res0_inverse
001603f0 00000068 T res1_inverse
00160458 00000254 T res2_inverse
001606ac 0000008c T res0_free_look
00160738 000004a8 t mapping0_inverse
00160be0 0000000c t mapping0_free_info
00160bec 00000140 t mapping0_look
00160d2c 00000260 t mapping0_unpack
00160f8c 00000090 t mapping0_free_look
0016101c 00001a00 T mdct_backward
00162a1c 00000100 t _os_update_crc
00162b1c 0000012c t _packetout
00162c48 00000010 T ogg_page_continued
00162c58 00000010 T ogg_page_bos
00162c68 00000010 T ogg_page_eos
00162c78 00000044 T ogg_page_granulepos
00162cbc 0000000c T ogg_page_serialno
00162cc8 00000054 T ogg_stream_clear
00162d1c 00000098 T ogg_stream_init
00162db4 00000078 t _os_body_expand
00162e2c 0000008c t _os_lacing_expand
00162eb8 00000078 T ogg_page_checksum_set
00162f30 00000030 T ogg_sync_init
00162f60 00000044 T ogg_sync_clear
00162fa4 000000c8 T ogg_sync_buffer
0016306c 00000034 T ogg_sync_wrote
001630a0 000001d8 T ogg_sync_pageseek
00163278 00000380 T ogg_stream_pagein
001635f8 00000030 T ogg_sync_reset
00163628 00000068 T ogg_stream_reset
00163690 00000068 T ogg_stream_reset_serialno
001636f8 00000024 T ogg_stream_packetout
0016371c 00000024 T ogg_stream_packetpeek
00163740 0000001c T oggpack_readinit
0016375c 000000c4 T oggpack_look
00163820 00000064 T oggpack_adv
00163884 000000fc T oggpack_read
00163980 00000014 T oggpack_bytes
00163994 00000200 T SDL_MixAudio
00163b94 00000004 W C3Di_LightEnvUpdate
00163b98 00000004 W C3Di_LightEnvDirty
00163b9c 00000004 W C3Di_ProcTexUpdate
00163ba0 00000004 W C3Di_ProcTexDirty
00163ba4 000000b4 t C3Di_AptEventHook
00163c58 00000004 W C3Di_GasUpdate
00163c5c 000001e0 T C3D_Init
00163e3c 00000098 T C3D_SetViewport
00163ed4 000004ec T C3Di_UpdateContext
001643c0 000000e0 T C3Di_SplitFrame
001644a0 00000044 T C3D_Fini
001644e4 00000108 T C3D_BindProgram
001645ec 0000004c t onVBlank0
00164638 0000004c t onVBlank1
00164684 00000080 t C3Di_RenderTargetDestroy
00164704 000000f4 t onQueueFinish
001647f8 00000038 T C3Di_RenderQueueEnableVBlank
00164830 00000030 T C3Di_RenderQueueDisableVBlank
00164860 00000060 T C3Di_RenderQueueInit
001648c0 000000b0 T C3Di_RenderQueueExit
00164970 00000034 T C3Di_RenderQueueWaitDone
001649a4 000000e4 T C3D_FrameBegin
00164a88 00000048 T C3D_FrameDrawOn
00164ad0 000001d8 T C3D_FrameEnd
00164ca8 00000128 T C3D_RenderTargetCreate
00164dd0 000000f0 T C3D_RenderTargetDelete
00164ec0 000000a8 T C3D_RenderTargetSetOutput
00164f68 000000f0 T C3D_SyncDisplayTransfer
00165058 000002a0 T C3D_TexInitWithParams
001652f8 00000044 T C3D_TexBind
0016533c 0000016c T C3Di_SetTex
001654a8 0000001c T C3D_CalcColorBufSize
001654c4 0000001c T C3D_CalcDepthBufSize
001654e0 00000044 T C3D_SetFrameBuf
00165524 0000016c T C3Di_FrameBufBind
00165690 000000cc T C3D_FrameBufClear
0016575c 00000044 T C3D_FrameBufTransfer
001657a0 00000034 T C3D_GetTexEnv
001657d4 00000024 T C3Di_TexEnvBind
001657f8 00000024 T BufInfo_Init
0016581c 00000020 T C3D_GetBufInfo
0016583c 00000048 T C3Di_BufInfoBind
00165884 00000040 T C3D_DepthMap
001658c4 0000001c T C3D_CullFace
001658e0 00000040 T C3D_StencilTest
00165920 00000024 T C3D_StencilOp
00165944 0000001c T C3D_BlendingColor
00165960 00000024 T C3D_EarlyDepthTest
00165984 0000002c T C3D_DepthTest
001659b0 0000002c T C3D_AlphaTest
001659dc 00000050 T C3D_AlphaBlend
00165a2c 00000030 T C3D_FragOpMode
00165a5c 00000044 T C3D_FragOpShadow
00165aa0 000001ac T C3Di_EffectBind
00165c4c 00000028 T AttrInfo_Init
00165c74 00000098 T AttrInfo_AddLoader
00165d0c 00000020 T C3D_GetAttrInfo
00165d2c 00000080 T C3Di_AttrInfoBind
00165dac 000000b8 T C3D_ImmDrawBegin
00165e64 000000a8 T C3D_ImmSendAttrib
00165f0c 00000070 T C3D_ImmDrawEnd
00165f7c 0000029c T C3D_UpdateUniforms
00166218 000000c0 T C3Di_DirtyUniforms
001662d8 000000d8 T C3Di_LoadShaderUniforms
001663b0 00000028 T C3Di_ClearShaderUniforms
001663d8 000000cc T Mtx_OrthoTilt
001664a4 000001e0 T shaderInstanceInit
00166684 00000018 T shaderInstanceGetUniformLocation
0016669c 0000001c T shaderProgramInit
001666b8 00000064 T shaderProgramFree
0016671c 00000080 T shaderProgramSetVsh
0016679c 000008c0 T shaderProgramConfigure
0016705c 000001f8 t DVLE_GenerateOutmap.part.0
00167254 000001cc T DVLB_ParseFile
00167420 00000038 T DVLB_Free
00167458 00000074 T DVLE_GetUniformRegister
001674cc 00000010 T GX_BindQueue
001674dc 00000078 T GX_ProcessCommandList
00167554 00000074 T GX_MemoryFill
001675c8 00000070 T GX_DisplayTransfer
00167638 00000068 t gxCmdQueueDoCommands.part.0
001676a0 000000c8 T gxCmdQueueInterrupt
00167768 0000004c T gxCmdQueueClear
001677b4 000000f8 T gxCmdQueueAdd
001678ac 00000080 T gxCmdQueueRun
0016792c 00000060 T gxCmdQueueStop
0016798c 00000074 T gxCmdQueueWait
00167a00 0000013c T GPUCMD_Add
00167b3c 000000ac T GPUCMD_Split
00167be8 00000040 T f32tof16
00167c28 00000040 T f32tof24
00167c68 00000044 T f32tof31
00167cac 00000158 t ndspUpdateMaster
00167e08 00000110 t ndspFinalize
00167f18 00000318 t ndspThreadMain
00168230 0000024c t ndspInitialize.part.0
0016847c 000000fc t ndspHookCallback
00168578 000003dc T ndspInit
00168954 000000cc T ndspExit
00168a20 00000010 T ndspSetCallback
00168a30 000000c8 T ndspChnReset
00168af8 00000018 T ndspChnSetFormat
00168b10 00000050 T ndspChnSetInterp
00168b60 00000064 T ndspChnSetRate
00168bc4 00000088 T ndspChnSetMix
00168c4c 000000b8 T ndspChnWaveBufAdd
00168d04 00000040 T ndspiInitChn
00168d44 0000002c T ndspiDirtyChn
00168d70 00000480 T ndspiUpdateChn
001691f0 00000180 T ndspiReadChnState
00169370 000000a4 T cfguInit
00169414 0000003c T cfguExit
00169450 0000004c T CFGU_GetConfigInfoBlk2
001694a0 00000074 T sqrt
00169514 00000008 T __ieee754_sqrt
0016951c 00000038 T __aeabi_d2lz
0016951c 00000038 T __fixdfdi
00169558 00000040 T __aeabi_d2ulz
00169558 00000040 T __fixunsdfdi
00169598 00000120 T __udivmoddi4
001696b8 0000005c T __assert_func
00169714 0000000c T atoi
00169720 00000078 T bsearch
00169798 00000028 T calloc
001697c0 00000094 T _calloc_r
00169854 0000000c T __errno
00169860 00000034 T exit
00169894 00000160 T _fclose_r
001699f4 00000020 T fclose
00169a14 00000258 T __sflush_r
00169c6c 00000094 T _fflush_r
00169d00 00000038 T fflush
00169d38 000001a0 T _fgets_r
00169ed8 00000030 T fgets
00169f08 0000000c T _cleanup_r
00169f14 00000184 T __sinit
0016a098 00000134 T __sfp
0016a1cc 0000000c T __sfp_lock_acquire
0016a1d8 0000000c T __sfp_lock_release
0016a1e4 0000003c T __libc_fini_array
0016a220 0000003c T fiprintf
0016a25c 00000140 T _fopen_r
0016a39c 00000028 T fopen
0016a3c4 0000003c T fprintf
0016a400 000002d0 T _fread_r
0016a6d0 00000038 T fread
0016a708 000000f8 T _malloc_trim_r
0016a800 000002e4 T _free_r
0016aae4 0000001c T _fseek_r
0016ab00 00000034 T fseek
0016ab34 000004f8 T _fseeko_r
0016b02c 00000034 T ftell
0016b060 000001bc T _ftello_r
0016b21c 00000068 T _fwalk
0016b284 00000070 T _fwalk_reent
0016b2f4 000000f8 T _fwrite_r
0016b3ec 00000038 T fwrite
0016b424 00000024 T getenv
0016b448 000000c8 T _findenv_r
0016b510 0000007c T __libc_init_array
0016b58c 00000138 T __smakebuf_r
0016b6c4 00000094 T __swhatbuf_r
0016b758 00000028 T memalign
0016b780 00000148 T _memalign_r
0016b8c8 00000020 T malloc
0016b8e8 00000020 T free
0016b908 000007f0 T _malloc_r
0016c0f8 000000e0 T memchr
0016c1d8 000000a8 T memcmp
0016c280 0000011c T memcpy
0016c39c 00000154 T memmove
0016c4f0 00000118 T memset
0016c608 0000000c T __malloc_lock
0016c614 0000000c T __malloc_unlock
0016c620 00000034 T printf
0016c654 000000e0 T _puts_r
0016c734 00000020 T puts
0016c754 00000958 T qsort
0016d0ac 00000044 T rand
0016d0f0 00000044 T random
0016d134 00000028 T realloc
0016d15c 00000598 T _realloc_r
0016d6f4 0000001c t lflush
0016d710 000001ac T __srefill_r
0016d8bc 00000260 T setvbuf
0016db1c 00000098 T _raise_r
0016dbb4 00000020 T raise
0016dbd4 00000080 T signal
0016dc54 000000cc T snprintf
0016dd20 00000064 T sprintf
0016dd84 00000074 T sscanf
0016ddf8 00000044 T __sread
0016de3c 00000008 T __seofread
0016de44 00000068 T __swrite
0016deac 00000048 T __sseek
0016def4 00000008 T __sclose
0016defc 00000064 T strcasecmp
0016df60 00000070 T strcat
0016dfd0 00000144 T strchr
0016e114 000000f0 T strcpy
0016e204 0000063c T _strerror_r
0016e840 00000028 T strerror
0016e868 00000088 T strlcpy
0016e8f0 0000005c T strlen
0016e94c 000000ec T strncat
0016ea38 000000dc T strncmp
0016eb14 000000c0 T strncpy
0016ebd4 00000048 T strnlen
0016ec1c 00000044 T strrchr
0016ec60 00000034 T strtok
0016ec94 000000b4 T __strtok_r
0016ed48 000001b0 t _strtol_l.part.0
0016eef8 0000003c T _strtol_r
0016ef34 00000058 T strtol
0016ef8c 0000064c t get_arg
0016f5d8 00003808 T _svfprintf_r
00172de0 00000050 t get_arg
00172e30 00002b68 T __ssvfscanf_r
00175998 0000003c T time
001759d4 00000008 T _user_strerror
001759dc 0000064c t get_arg
00176028 00000034 T __sprint_r
0017605c 00002584 T _vfiprintf_r
001785e0 000000d4 t __sbprintf
001786b4 0000064c t get_arg
00178d00 000038d4 T _vfprintf_r
0017c5d4 000000d4 t __sbprintf
0017c6a8 000000a4 T _vsnprintf_r
0017c74c 00000038 T vsnprintf
0017c784 00000054 T _wcrtomb_r
0017c7d8 00000028 T _wcsrtombs_r
0017c800 00000154 T __swsetup_r
0017c954 00000014 T abort
0017c968 00000114 T __call_exitprocs
0017ca7c 000001a8 t quorem
0017cc28 000012ec T _dtoa_r
0017df14 0000000c T __env_lock
0017df20 0000000c T __env_unlock
0017df2c 000000c8 T __sflags
0017dff4 000004a4 T __sfvwrite_r
0017e498 00000008 T iswspace
0017e4a0 0000000c T _localeconv_r
0017e4ac 00000010 T __locale_mb_cur_max
0017e4bc 00000068 T _mbrtowc_r
0017e524 000002fc T __utf8_mbtowc
0017e820 00000088 T _Balloc
0017e8a8 0000001c T _Bfree
0017e8c4 000000f4 T __multadd
0017e9b8 00000110 T __s2b
0017eac8 00000058 T __hi0bits
0017eb20 0000009c T __lo0bits
0017ebbc 000000a4 T __i2b
0017ec60 00000204 T __multiply
0017ee64 00000120 T __pow5mult
0017ef84 0000013c T __lshift
0017f0c0 00000058 T __mcmp
0017f118 000001cc T __mdiff
0017f2e4 00000088 T __ulp
0017f36c 000000d4 T __b2d
0017f440 0000012c T __d2b
0017f56c 00000078 T __ratio
0017f5e4 00000088 T __copybits
0017f66c 0000005c T __any_on
0017f6c8 000000e4 T __sccl
0017f7ac 0000000c T nanf
0017f7b8 000000a8 T frexp
0017f860 000000b8 T stpncpy
0017f918 0000130c T _strtod_l
00180c24 0000000c T _strtod_r
00180c30 0000022c t _strtoll_l.constprop.0
00180e5c 00000004 T _strtoll_r
00180e60 00000244 t _strtoull_l.constprop.0
001810a4 00000004 T _strtoull_r
001810a8 000001c8 t _strtoul_l.constprop.0
00181270 00000004 T _strtoul_r
00181274 00000188 T __ssprint_r
001813fc 000000e0 T _sungetc_r
001814dc 0000006c T __ssrefill_r
00181548 000000c8 T _sfread_r
00181610 000000a8 T __submore
001816b8 00000190 T _wcsnrtombs_l
00181848 0000004c T _wcsnrtombs_r
00181894 000000f0 T __utf8_wctomb
00181984 000000ec t rshift
00181a70 00000928 T __gethex
00182398 0000004c T __match
001823e4 0000029c T __hexnan
00182680 0000003c T iswspace_l
001826bc 000001d4 t __jp2uc
00182890 0000009c T _jp2uc_l
00182930 00000010 T nan
00182940 00000084 T category
001829c4 00000008 t null_write
001829cc 00000018 T setDefaultDevice
001829e4 000000c8 T FindDevice
00182aac 00000028 T RemoveDevice
00182ad4 0000009c T AddDevice
00182b70 00000020 T GetDeviceOpTab
00182b90 00000078 T _fstat_r
00182c08 00000014 T _getpid_r
00182c1c 00000038 T _gettimeofday_r
00182c54 00000008 T _isatty_r
00182c5c 00000014 T _kill_r
00182c70 00000084 T _lseek_r
00182cf4 000000c8 T _open_r
00182dbc 00000080 T _read_r
00182e3c 00000078 T _sbrk_r
00182eb4 00000080 T _write_r
00182f34 00000024 T _exit
00182f58 000001b8 T _concatenate_path
00183110 00000160 T chdir
00183270 00000008 T __flockfile
00183278 00000008 T __funlockfile
00183280 00000018 T __libc_lock_acquire
00183298 00000018 T __libc_lock_release
001832b0 00000018 T __libc_lock_init_recursive
001832c8 00000018 T __libc_lock_acquire_recursive
001832e0 00000018 T __libc_lock_release_recursive
001832f8 00000018 T __libc_lock_close_recursive
00183310 0000008c T __release_handle
0018339c 000000b4 T __alloc_handle
00183450 0000003c T __get_handle
0018348c 000000f4 T _close_r
00183580 00000068 t __dirnext
001835e8 000000f4 T opendir
001836dc 00000090 T closedir
0018376c 000000b8 T readdir
00183824 00000028 T __getreent
0018384c T _fini
0018404c 00000010 r __func__.6549
0018405c 0000000f r __func__.6555
0018406c 00000008 R mad_timer_zero
00184074 0000012c r bitrate_table
001841a0 0000000c r samplerate_table
001841ac 0000000c r decoder_table
001841b8 00000880 r D
00184a38 00000038 r linear_table
00184a70 00000100 r sf_table
00184b70 000000b4 r sbquant_table
00184c24 00000020 r bitalloc_table
00184c44 0000005a r offset_table
00184ca0 000000cc r qc_table
00184d6c 0000006c r sfbwidth_table
00184dd8 00000048 r nsfb_table
00184e20 00000020 r sflen_table
00184e40 00000016 r pretab
00184e58 0000001c r root_table
00184e74 0000000f r __func__.6784
00184e84 00000078 r is_lsf_table
00184efc 0000001c r is_table
00184f18 0000000e r __func__.7071
00184f28 0000803c r rq_table
0018cf64 00000027 r sfb_8000_mixed
0018cf8c 00000027 r sfb_8000_short
0018cfb4 00000016 r sfb_8000_long
0018cfcc 00000024 r sfb_16000_mixed
0018cff0 00000024 r sfb_22050_mixed
0018d014 00000024 r sfb_24000_mixed
0018d038 00000027 r sfb_16000_short
0018d060 00000027 r sfb_22050_short
0018d088 00000027 r sfb_24000_short
0018d0b0 00000016 r sfb_22050_long
0018d0c8 00000016 r sfb_24000_long
0018d0e0 00000026 r sfb_32000_mixed
0018d108 00000026 r sfb_44100_mixed
0018d130 00000026 r sfb_48000_mixed
0018d158 00000027 r sfb_32000_short
0018d180 00000027 r sfb_44100_short
0018d1a8 00000027 r sfb_48000_short
0018d1d0 00000016 r sfb_32000_long
0018d1e8 00000016 r sfb_44100_long
0018d200 00000016 r sfb_48000_long
0018d218 00000100 R mad_huff_pair_table
0018d318 00000008 R mad_huff_quad_table
0018d320 00000304 r hufftab24
0018d624 00000324 r hufftab16
0018d948 000002f8 r hufftab15
0018dc40 0000031c r hufftab13
0018df5c 000000c0 r hufftab12
0018e01c 000000d0 r hufftab11
0018e0ec 000000cc r hufftab10
0018e1b8 0000006c r hufftab9
0018e224 00000084 r hufftab8
0018e2a8 00000080 r hufftab7
0018e328 00000038 r hufftab6
0018e360 00000034 r hufftab5
0018e394 00000020 r hufftab3
0018e3b4 00000020 r hufftab2
0018e3d4 00000010 r hufftab1
0018e3e4 00000002 r hufftab0
0018e3e8 00000020 r hufftabB
0018e408 00000038 r hufftabA
0018e440 00000200 r crc_table
0018e640 0000018c r _mm_errmsg
0018e7cc 00000014 r unpackers
0018e7e0 00000020 R finetune
0018e800 00000020 r VibratoTable
0018e820 00000100 r PanbrelloTable
0018e920 000000d0 r logtab
0018e9f0 00000030 r oldperiods
0018ea20 00000c00 r lintab
0018f620 000000f8 r effects
0018f718 00000080 r avibtab
0018f798 0000007c R unioperands
0018f814 00000008 r S69_Version
0018f81c 000000c0 r periodtable
0018f8dc 00000008 r DSMSIG
0018f8e4 00000007 r FARSIG
0018f8ec 00000018 r IT_Version
0018f904 0000000a r portatable
0018f910 00000018 r S3M_Version
0018f928 00000010 r numeric
0018f938 0000000c r STM_Version
0018f944 00000014 r mustype
0018f964 00000040 r MMCMP16BitCommands
0018f9a4 00000040 r MMCMP16BitFetch
0018f9e4 00000020 r MMCMP8BitCommands
0018fa04 00000020 r MMCMP8BitFetch
0018fa24 00000038 r ctable
0018fa5c 000000a8 R npertab
0018fdf0 r .LC35
0018fdfc r .LC36
00190284 r .LC115
0019028c r .LC116
00190468 00000070 r romFS_devoptab
0019053c 00000030 r colorTable
0019056c 00000070 r dotab_stdout
0019060c 00000008 r morton_x.3
00190614 00000008 r morton_y.2
0019061c 00000008 r s_sleepWakeEvents.4
00190644 R default_font_bin
00190e44 R default_font_bin_end
00190e7c 00000070 r archive_devoptab
00190eec 00000030 r error_table
00190f1c 00000060 R __inv_pio4
00190f80 000000e0 R __sincosf_table
00191060 00000080 r npio2_hw
001910e0 00000108 r two_over_pi
001911e8 00000870 R __exp_data
00191a58 00000040 r PIo2
00191a98 00000010 r init_jk
00191aa8 00001048 R __pow_log_data
00192bb8 00000014 r SDL_fatal_signals
00192cec 00000048 r format_list
00192f94 00000010 r clearcolors
00192fa4 00000010 r displayTranferFlags
00192fb4 00000010 r textureTranferFlags
00193784 R vshader_shbin
001938a8 R vshader_shbin_end
001938a8 R vshader_shbin_size
001938ac 00000010 r getpixes
00193d24 00000200 r expr_curve
00193f24 00000200 r vcurve
001944cc 00000020 r label.5
00194dc0 00000024 r note_name.0
001953a4 r .LC2
0019587c 00000800 r vwin1024
0019607c 00000100 r vwin128
0019617c 00001000 r vwin2048
0019717c 00000200 r vwin256
0019737c 00002000 r vwin4096
0019937c 00000400 r vwin512
0019977c 00000080 r vwin64
001997fc 00004000 r vwin8192
0019d7fc 00000400 r FLOOR_fromdB_LOOKUP
0019dbfc 00000008 r ADJUST_SQRT2
0019dc04 00000204 r COS_LOOKUP_I
0019de08 00000080 r FROMdB2_LOOKUP
0019de88 0000008c r FROMdB_LOOKUP
0019df14 00000104 r INVSQ_LOOKUP_I
0019e018 00000100 r INVSQ_LOOKUP_IDel
0019e118 00000070 r barklook
0019e188 00000010 r bitrev
0019e198 00001008 r sincos_lookup0
0019f1a0 00001000 r sincos_lookup1
001a01a0 00002000 r crc_lookup
001a21a0 00000084 r mask
001a224c 00000200 r mix8
001a244c 00000038 r CSWTCH.18
001a2484 00000005 r colorFmtSizes
001a248c 00000004 r depthFmtSizes
001a2498 00000011 r dsp_filename.0
001a2504 00000101 R _ctype_
001a2608 00000004 R _global_impure_ptr
001a2d48 00000010 r blanks.1
001a2d58 00000010 r zeroes.0
001a2d70 00000022 r basefix.0
001a2d94 00000010 r blanks.1
001a2da4 00000010 r zeroes.0
001a2db4 00000010 r blanks.1
001a2dc4 00000010 r zeroes.0
001a2ec0 00000028 R __mprec_bigtens
001a2ee8 000000c8 R __mprec_tens
001a2fb0 0000000c r p05.0
001a2fcc 00000014 r fpi.1
001a2fe0 00000014 r fpinan.0
001a2ff8 00000028 r tinytens
001a3020 0000006c R __action_table
001a308c 00000100 R __chclass
001a318c 0000006c R __state_table
001a3240 00000100 R __hexdig
001a3354 000000bc r a1
001a3410 000000bc r a2
001a34cc 0000005b r a3
001a3528 00000070 r a6
001a3598 000000a2 r a7
001a363c 00000040 r a8
001a367c 0000172a r b02cf
001a4da8 00001a7c r d02f4
001a6824 0000000c R _C_numeric_locale
001a6830 000031e6 r categories
001a9a18 00000070 R dotab_stdnull
001a9a88 r 
001a9a88 R __exidx_end
001a9a88 R __exidx_start
001aa000 0000007c D drv_nos
001aa07c 00000002 D md_mode
001aa07e 00000002 d olddevice
001aa080 00000004 D md_player
001aa084 00000001 D md_musicvolume
001aa085 00000001 D md_sndfxvolume
001aa086 00000001 D md_volume
001aa087 00000001 D md_pansep
001aa088 00000004 d firstcall.8893
001aa08c 00000002 D md_bpm
001aa08e 00000002 D md_mixfreq
001aa090 00000004 d VC_Init_ptr
001aa094 00000004 d VC_Exit_ptr
001aa098 00000020 D load_669
001aa0b8 00000017 d AMF_Version
001aa0d0 00000020 D load_amf
001aa0f0 0000000b d asylum
001aa0fc 00000020 D load_asy
001aa11c 00000010 d DSM_Version
001aa12c 00000020 D load_dsm
001aa14c 0000000a d FAR_Version
001aa158 00000020 D load_far
001aa178 00000017 d GDM_Version
001aa190 00000020 D load_gdm
001aa1b0 0000000e d IMF_Version
001aa1c0 00000020 D load_imf
001aa1e0 00000020 D load_it
001aa200 00000020 D load_m15
001aa220 0000000f d MED_Version
001aa230 00000020 D load_med
001aa250 0000000c d fasttracker
001aa25c 0000000c d taketracker
001aa268 0000000c d startrekker
001aa274 0000001b d orpheus
001aa290 0000000a d oktalyser
001aa29c 0000000a d oktalyzer
001aa2a8 0000000b d protracker
001aa2b4 00000020 D load_mod
001aa2d4 00000004 d MTM_Version
001aa2d8 00000020 D load_mtm
001aa2f8 00000020 D load_okt
001aa318 00000020 D load_s3m
001aa338 00000020 D load_stm
001aa358 00000020 D load_stx
001aa378 00000013 d ULT_Version
001aa38c 00000020 D load_ult
001aa3ac 00000020 D load_umx
001aa3cc 00000020 D load_uni
001aa3ec 00000020 D load_xm
001aa40c 0000000c D STM_Version
001aa418 0000000c D STM_Signatures
001aa424 00000004 D currentConsole
001aa428 0000004c D defaultConsole
001aa474 00000001 d firstConsoleInit.0
001aa478 00000004 d kCount
001aa47c 00000004 d kDelay
001aa480 00000004 d kInterval
001aa484 W __stacksize__
001aa488 00000001 D __fdlib_version
001aa48c 00000010 D N3DSAUD_bootstrap
001aa49c 00000010 D N3DS_bootstrap
001aa4ac 00000004 D SDL_cursorstate
001aa4b0 00000020 d default_cdata
001aa4d0 00000020 d default_cmask
001aa4f0 00000004 d palette_changed
001aa4f4 00000004 d mix_music
001aa4f8 00000004 D music_active
001aa4fc 00000004 d music_volume
001aa500 00000004 d wavestream_volume
001aa504 00000004 D amplification
001aa508 00000004 D drumchannels
001aa50c 00000004 D voices
001aa510 00000400 D bend_coarse
001aa910 00000800 D bend_fine
001ab110 00000200 D freq_table
001ab310 00000400 D vol_table
001ab710 00003e80 D xmap
001af590 00000004 D ctl
001af594 00000208 D drumset
001af79c 00000004 D max_patch_memory
001af7a0 00000208 D tonebank
001af9a8 00000004 D play_mode
001af9ac 0000000c D sdl_play_mode
001af9b8 0000005c D sdl_control_mode
001afa14 00000008 D _floor_P
001afa1c 00000004 D _mapping_P
001afa20 0000000c D _residue_P
001afa2c 00000018 D floor1_exportbundle
001afa44 00000018 D floor0_exportbundle
001afa5c 00000014 D residue0_exportbundle
001afa70 00000014 D residue1_exportbundle
001afa84 00000014 D residue2_exportbundle
001afa98 00000014 D mapping0_exportbundle
001afaac 00000004 d framerate
001afab0 00000008 d framerateCounter
001afab8 00000004 d queueLock
001afabc 0000000c d __sfp_recursive_mutex
001afac8 0000000c d __sinit_recursive_mutex
001afad4 00000004 D _impure_ptr
001afad8 00000460 d impure_data
001aff38 00000408 D __malloc_av_
001b0340 00000004 D __malloc_sbrk_base
001b0344 00000004 D __malloc_trim_threshold
001b0348 0000000c d __malloc_recursive_mutex
001b0354 0000000c D __atexit_recursive_mutex
001b0360 00000004 D environ
001b0364 0000000c d __env_recursive_mutex
001b0370 0000016c D __global_locale
001b04dc 00000002 d numempty
001b04e0 00000004 d defaultDevice
001b04e4 0000008c D devoptab_list
001b0570 00000400 d _current_working_directory
001b0970 00000004 d __hndl_lock
001b0974 0000000c d __stderr_handle
001b0980 0000000c d __stdin_handle
001b098c 0000000c d __stdout_handle
001b0998 00001000 d handles
001b19a0 d _GLOBAL_OFFSET_TABLE_
001b19ac d __frame_dummy_init_array_entry
001b19ac D __init_array_start
001b19ac B __preinit_array_end
001b19ac B __preinit_array_start
001b19ac D __tdata_lma
001b19ac D __tdata_lma_end
001b19b0 d __do_global_dtors_aux_fini_array_entry
001b19b0 D __fini_array_start
001b19b0 D __init_array_end
001b19b4 D __bss_start__
001b19b4 D __fini_array_end
001b19b4 00000004 b stbi__vertically_flip_on_load_global
001b19b8 00000004 b stbi__de_iphone_flag
001b19bc 00000004 b stbi__unpremultiply_on_load
001b19c0 00000c00 B charsprites
001b25c0 00000004 B surf
001b25c4 00000004 B dbuff
001b25c8 00000004 B R_
001b25cc 00000010 B actualSurf
001b25dc 0004b000 B dunew
001fd5dc 0004b000 B dv
002485dc 0004b000 B du
002935dc 00000004 b zerobuf
002935e0 00000004 B _mm_errorhandler
002935e4 00000004 B MikMod_critical
002935e8 00000004 B MikMod_errno
002935ec 00000004 b isplaying
002935f0 00000004 B md_driver
002935f4 00000001 B md_numchn
002935f8 00000004 b sfxinfo
002935fc 00000004 b md_sample
00293600 00000001 B md_sngchn
00293601 00000001 B md_sfxchn
00293602 00000001 B md_hardchn
00293603 00000001 B md_softchn
00293604 00000004 b initialized
00293608 00000004 b sfxpool
0029360c 00000002 B md_device
00293610 00000004 b firstdriver
00293614 00000004 B vc_callback
00293618 00000004 B _mm_mutex_lists
0029361c 00000004 B _mm_mutex_vars
00293620 00000001 B md_reverb
00293624 00000004 b firstloader
00293628 00000004 B pf
0029362c 00000004 b rowpc
00293630 00000004 b rowend
00293634 00000001 b lastbyte
00293636 00000002 b unitt
00293638 00000002 b unipc
0029363a 00000002 b lastp
0029363c 00000004 b unibuf
00293640 00000002 b unimax
00293644 00000004 b sl_buffer
00293648 00000004 b sl_rlength
0029364c 00000002 b sl_old
00293650 00000004 b musiclist
00293654 00000004 b sndfxlist
00293658 00000004 b VC_SetNumVoices_ptr
0029365c 00000004 b VC_SampleSpace_ptr
00293660 00000004 b VC_SampleLength_ptr
00293664 00000004 b VC_PlayStart_ptr
00293668 00000004 b VC_PlayStop_ptr
0029366c 00000004 b VC_SampleLoad_ptr
00293670 00000004 b VC_SampleUnload_ptr
00293674 00000004 b VC_WriteBytes_ptr
00293678 00000004 b VC_SilenceBytes_ptr
0029367c 00000004 b VC_VoiceSetVolume_ptr
00293680 00000004 b VC_VoiceGetVolume_ptr
00293684 00000004 b VC_VoiceSetFrequency_ptr
00293688 00000004 b VC_VoiceGetFrequency_ptr
0029368c 00000004 b VC_VoiceSetPanning_ptr
00293690 00000004 b VC_VoiceGetPanning_ptr
00293694 00000004 b VC_VoicePlay_ptr
00293698 00000004 b VC_VoiceStop_ptr
0029369c 00000004 b VC_VoiceStopped_ptr
002936a0 00000004 b VC_VoiceGetPosition_ptr
002936a4 00000004 b VC_VoiceRealVolume_ptr
002936a8 00000004 b s69pat
002936ac 00000004 b mh
002936b0 00000004 b mh
002936b4 00000004 b track
002936b8 00000004 b mh
002936bc 00000004 b patbuf
002936c0 00000004 b modtype
002936c4 00000004 b dsmbuf
002936c8 00000004 b mh
002936cc 00000004 b blocklp
002936d0 00000004 b blockln
002936d4 00000004 b blockid
002936d8 00000004 b mh1
002936dc 00000004 b mh2
002936e0 00000004 b pat
002936e4 00000004 b mh
002936e8 00000004 b gdmbuf
002936ec 00000004 b imfpat
002936f0 00000004 b mh
002936f4 00000004 b mh
002936f8 00000004 b itpat
002936fc 00000004 b mask
00293700 00000004 b last
00293704 00000004 b paraptr
00293708 00000004 b numtrk
0029370c 00000004 b old_effect
00293710 00000004 b mh
00293714 00000004 b patbuf
00293718 00000004 b ust_loader
0029371c 00000004 b me
00293720 00000004 b mh
00293724 00000004 b ms
00293728 00000004 b ba
0029372c 00000004 b mmd0pat
00293730 00000004 b mmd1pat
00293734 00000004 b bpmtempos
00293738 00000004 b decimalvolumes
0029373c 00000004 b mh
00293740 00000004 b patbuf
00293744 00000004 b modtype
00293748 00000004 b trekker
0029374c 00000004 b mtmtrk
00293750 00000004 b mh
00293754 00000040 b pat
00293794 00000004 b okttrk
00293798 00000004 b s3mbuf
0029379c 00000004 b paraptr
002937a0 00000004 b mh
002937a4 00000004 b tracker
002937a8 00000004 b mh
002937ac 00000004 b stmbuf
002937b0 00000004 b stxbuf
002937b4 00000004 b paraptr
002937b8 00000004 b mh
002937bc 00000005 b ev
002937c4 00000004 b umx_data
002937c8 00000004 b wh
002937cc 00000004 b s
002937d0 0000013c b mh
0029390c 00000002 b universion
00293910 00000004 b mh
00293914 00000004 b nextwav
00293918 00000004 b wh
0029391c 00000004 b s
00293920 00000004 b xmpat
00293924 00000004 B noteindex
00293928 00000004 b noteindexcount
0029392c 00000004 B poslookup
00293930 00000004 B origpositions
00293938 00000004 b RVRindex
0029393c 00000004 b RVc1
00293940 00000004 b RVc2
00293944 00000004 b RVc3
00293948 00000004 b RVc4
0029394c 00000004 b RVc5
00293950 00000004 b RVc6
00293954 00000004 b RVc7
00293958 00000004 b RVc8
0029395c 00000004 b RVbufL1
00293960 00000004 b RVbufL2
00293964 00000004 b RVbufL3
00293968 00000004 b RVbufL4
0029396c 00000004 b RVbufL5
00293970 00000004 b RVbufL6
00293974 00000004 b RVbufL7
00293978 00000004 b RVbufL8
0029397c 00000004 b RVbufR1
00293980 00000004 b RVbufR2
00293984 00000004 b RVbufR3
00293988 00000004 b RVbufR4
0029398c 00000004 b RVbufR5
00293990 00000004 b RVbufR6
00293994 00000004 b RVbufR7
00293998 00000004 b RVbufR8
0029399c 00000004 b nLeftNR
002939a0 00000004 b nRightNR
002939a4 00000002 b vc_mode
002939a8 00000004 b vinf
002939ac 00000004 b vc_tickbuf
002939b0 00000004 b Samples
002939b4 00000004 b tickleft
002939b8 00000004 b samplesthatfit
002939bc 00000004 b vc_softchn
002939c0 00000008 b idxlend
002939c8 00000008 b idxsize
002939d0 00000008 b idxlpos
002939d8 00000004 b vnf
002939dc 00000004 b MixLowPass
002939e0 00000004 b MixReverb
002939e8 00000004 b RVRindex
002939ec 00000004 b RVc1
002939f0 00000004 b RVc2
002939f4 00000004 b RVc3
002939f8 00000004 b RVc4
002939fc 00000004 b RVc5
00293a00 00000004 b RVc6
00293a04 00000004 b RVc7
00293a08 00000004 b RVc8
00293a0c 00000004 b RVbufL1
00293a10 00000004 b RVbufL2
00293a14 00000004 b RVbufL3
00293a18 00000004 b RVbufL4
00293a1c 00000004 b RVbufL5
00293a20 00000004 b RVbufL6
00293a24 00000004 b RVbufL7
00293a28 00000004 b RVbufL8
00293a2c 00000004 b RVbufR1
00293a30 00000004 b RVbufR2
00293a34 00000004 b RVbufR3
00293a38 00000004 b RVbufR4
00293a3c 00000004 b RVbufR5
00293a40 00000004 b RVbufR6
00293a44 00000004 b RVbufR7
00293a48 00000004 b RVbufR8
00293a4c 00000004 b nLeftNR
00293a50 00000004 b nRightNR
00293a54 00000002 b vc_mode
00293a58 00000004 b vinf
00293a5c 00000004 b vc_tickbuf
00293a60 00000004 b Samples
00293a64 00000004 b tickleft
00293a68 00000004 b samplesthatfit
00293a6c 00000004 b vc_softchn
00293a70 00000008 b idxlend
00293a78 00000008 b idxsize
00293a80 00000008 b idxlpos
00293a88 00000004 b vnf
00293a8c 00000004 b MixLowPass
00293a90 00000004 b MixReverb
00293a94 00000004 b Mix32toFP
00293a98 00000004 b Mix32to16
00293a9c 00000004 b Mix32to8
00293aa0 b completed.1
00293aa4 b object.0
00293abc 00000008 b sLinearPool
00293ac4 0000000c b sAddrMap
00293ad0 00000004 V __romfs_path
00293ad4 00000004 b romfs_mount_list
00293ad8 0000004c B currentCopy
00293b24 00000004 b gfxBottomFramebufferMaxSize
00293b28 00000008 b gfxBottomFramebuffers
00293b30 00000002 b gfxCurBuf
00293b34 00000002 b gfxFramebufferFormats
00293b38 00000002 b gfxIsDoubleBuf
00293b3a 00000001 b gfxIsVram
00293b3c 00000004 b gfxTopFramebufferMaxSize
00293b40 00000008 b gfxTopFramebuffers
00293b48 00000001 b gfxTopMode
00293b4c 00000004 b screenAlloc
00293b50 00000004 b screenFree
00293b54 00000001 b dspComponentLoaded
00293b58 00000008 b dspFirstHook
00293b60 00000004 b dspHandle
00293b64 00000004 b dspRefCount
00293b68 00000004 b dspSavedCompBin
00293b6c 00000002 b dspSavedCompDataMask
00293b6e 00000002 b dspSavedCompProgMask
00293b70 00000004 b dspSavedCompSize
00293b74 00000001 b dspSleeping
00293b78 00000004 b gspEvent
00293b7c 0000001c b gspEventCb
00293b98 0000001c b gspEventCbData
00293bb4 00000007 b gspEventCbOneShot
00293bbc 00000004 b gspEventThread
00293bc0 00000038 b gspEvents
00293bf8 00000004 b gspGpuHandle
00293bfc 00000001 b gspGpuRight
00293c00 00000004 b gspLastEvent
00293c04 00000004 b gspRefCount
00293c08 00000001 b gspRunEvents
00293c0c 00000004 b gspSharedMem
00293c10 00000004 b gspSharedMemHandle
00293c14 00000001 b gspThreadId
00293c15 00000001 b aptChainloadFlags
00293c16 00000001 b aptChainloadMediatype
00293c18 00000008 b aptChainloadTid
00293c20 00000004 b aptEventHandlerThread
00293c24 00000001 b aptEventHandlerThreadQuit
00293c28 00000008 b aptEvents
00293c30 0000000c b aptFirstHook
00293c3c 00000004 b aptFlags
00293c40 00000001 b aptHomeButtonState
00293c44 00000004 b aptLockHandle
00293c48 00000004 b aptMessageFunc
00293c4c 00000004 b aptMessageFuncData
00293c50 00001000 b aptParameters
00294c50 00000008 b aptReceiveEvent
00294c58 00000004 b aptRefCount
00294c5c 00000008 b aptSleepEvent
00294c64 00000001 b flagInit.1
00294c65 00000001 b flagValue.0
00294c68 00000004 b serviceName.6
00294c6c 00000006 b aVec
00294c74 00000004 b cPos
00294c78 00000006 b gRate
00294c80 00000014 B hidEvents
00294c94 00000004 B hidHandle
00294c98 00000004 B hidMemHandle
00294c9c 00000004 b hidRefCount
00294ca0 00000004 B hidSharedMem
00294ca4 00000004 b kDown
00294ca8 00000004 b kHeld
00294cac 00000004 b kOld
00294cb0 00000004 b kRepeat
00294cb4 00000004 b kUp
00294cb8 00000004 b tPos
00294cbc 00000001 b usingIrrst
00294cc0 00000080 b fsExemptArchives
00294d40 00000004 b fsuHandle
00294d44 00000004 b fsuRefCount
00294d48 00000004 B __ctru_heap
00294d4c 00000004 V __ctru_heap_size
00294d50 00000004 B __ctru_linear_heap
00294d54 00000004 V __ctru_linear_heap_size
00294d58 00000004 B __system_retAddr
00294d5c 00000004 B __system_argc
00294d60 00000004 B __system_argv
00294d64 b saved_stack
00294d6c 0000000c b sAddrMap
00294d78 00000008 b sVramPool
00294d80 00000004 b arbiter
00294d84 00000001 V __ctru_speedup
00294d88 00000004 b srvHandle
00294d8c 00000004 b srvRefCount
00294d90 00000004 b currentAddr
00294d94 00000004 b maxAddr
00294d98 00000004 b minAddr
00294d9c 00000004 b csPos
00294da0 00000004 B irrstEvent
00294da4 00000004 B irrstHandle
00294da8 00000004 B irrstMemHandle
00294dac 00000004 b irrstRefCount
00294db0 00000004 B irrstSharedMem
00294db4 00000004 b kHeld
00294db8 00000004 b srvPmHandle
00294dbc 00000004 b ptmSysmHandle
00294dc0 00000004 b ptmSysmRefCount
00294dc4 00000004 b archive_device_cwd
00294dc8 00000540 b archive_devices
00295308 00000001 b archive_initialized
0029530c 00000004 b SDL_initialized
00295310 00000004 b ticks_started
00295314 00000400 b errmsg.0
00295714 00000004 B current_audio
00295718 00000004 b format_idx
0029571c 00000004 b format_idx_sub
00295720 00000004 b SDL_Threads
00295728 00000308 b SDL_global_error
00295a30 00000004 b SDL_maxthreads
00295a34 00000004 b SDL_numthreads
00295a38 00000004 b thread_lock
00295a3c 00000004 B SDL_alarm_callback
00295a40 00000004 B SDL_alarm_interval
00295a44 00000004 b SDL_timer_mutex
00295a48 00000004 B SDL_timer_running
00295a4c 00000004 B SDL_timer_started
00295a50 00000004 b SDL_timer_threaded
00295a54 00000004 b SDL_timers
00295a58 00000001 b list_changed
00295a5c 00000004 B current_video
00295a60 00000004 B SDL_allocatedjoysticks
00295a64 00000004 B SDL_joysticks
00295a68 00000001 B SDL_numjoysticks
00295a70 00000008 b g_startTicks
00295a78 00000004 b g_audDev
00295a7c 00000008 b g_dspHook
00295a84 00000004 B key_press
00295a88 00000004 B key_release
00295a8c 00000004 B old_cs_x
00295a90 00000004 B old_cs_y
00295a94 00000004 B old_x
00295a98 00000004 B old_y
00295a9c 00000004 b RenderClearColor
00295aa0 00000004 B VideoSurface1
00295aa4 00000004 B VideoSurface2
00295aa8 00000008 B privateVideoThreadEvent
00295ab0 00000004 B privateVideoThreadHandle
00295ab4 00000014 b program
00295ac8 00000040 b projection
00295b08 00000040 b projection2
00295b48 00000001 B runThread
00295b4c 00000004 B setVideoModecount
00295b50 00000018 b spritesheet_tex
00295b68 00000004 b uLoc_projection
00295b6c 00000004 b vshader_dvlb
00295b70 00000008 b SDL_EventLock
00295b78 00000004 B SDL_EventOK
00295b7c 00000c14 b SDL_EventQ
00296790 00000004 b SDL_EventThread
00296794 00000020 B SDL_ProcessEvents
002967b4 00000004 b SDL_eventstate
002967b8 00000004 b event_thread
002967bc 00000020 B SDL_KeyRepeat
002967dc 00000143 b SDL_KeyState
00296920 00000002 b SDL_ModState
00296922 00000001 b SDL_NoLockKeys
00296924 00000004 B SDL_TranslateUNICODE
00296928 0000050c b keynames
00296e34 00000001 b SDL_ButtonState
00296e36 00000002 b SDL_DeltaX
00296e38 00000002 b SDL_DeltaY
00296e3a 00000002 b SDL_MouseMaxX
00296e3c 00000002 b SDL_MouseMaxY
00296e3e 00000002 b SDL_MouseX
00296e40 00000002 b SDL_MouseY
00296e44 00000004 B SDL_cursor
00296e48 00000004 B SDL_cursorlock
00296e4c 00000004 b SDL_defcursor
00296e50 00000002 b pixels8
00296e54 00000004 b format_version.0
00296e58 00000001 b pushedQuit.0
00296e59 00000001 b SDL_appstate
00296e5c 00000004 b pos_args_array
00296e60 00000004 b pos_args_global
00296e64 00000004 b position_channels
00296e68 00000004 B _Mix_effects_max_speed
00296e6c 00000004 b audio_opened
00296e70 00000004 b channel_done_callback
00296e74 00000004 b chunk_decoders
00296e78 00000004 b initialized
00296e7c 00000004 b mix_channel
00296e80 00000004 b mix_postmix
00296e84 00000004 b mix_postmix_data
00296e88 00000018 b mixer
00296ea0 00000004 b music_data
00296ea4 00000004 b num_channels
00296ea8 00000004 b num_decoders
00296eac 00000004 b posteffects
00296eb0 00000004 b ms_per_step
00296eb4 00000004 b music_decoders
00296eb8 00000004 b music_finished_hook
00296ebc 00000004 b music_loops
00296ec0 00000004 b music_playing
00296ec4 00000004 b music_stopped
00296ec8 00000004 b num_decoders
00296ecc 00000004 b samplesize
00296ed0 00000004 B soundfont_paths
00296ed4 00000004 b timidity_ok
00296ed8 00000018 b used_mixer
00296ef0 00000018 b mixer
00296f08 00000004 b music
00296f0c 0000006c B mikmod
00296f78 00000004 b current_output_channels
00296f7c 00000002 b current_output_format
00296f80 00000004 b music_swap16
00296f84 00000004 b music_swap8
00296f88 00000004 B GM_System_On
00296f8c 00000004 B GS_System_On
00296f90 00000004 B XG_System_On
00296f94 00000004 B XG_System_chorus_type
00296f98 00000004 B XG_System_reverb_type
00296f9c 00000004 B XG_System_variation_type
00296fa0 00000004 B adjust_panning_immediately
00296fa4 00000004 b buffer_pointer
00296fa8 00000004 b buffered_count
00296fb0 00000580 B channel
00297530 00000004 B control_ratio
00297534 00000004 b current_event
00297538 00000004 b current_sample
0029753c 00000004 b cut_notes
00297540 00000800 B drumchorusdepth
00297d40 00000800 B drumpanpot
00298540 00000800 B drumreverberation
00298d40 00000800 B drumvolume
00299540 00000004 b event_list
00299544 00000004 b lost_notes
00299548 00000008 B master_volume
00299550 00000004 b midi_playing
00299554 00000004 b sample_count
00299558 0001c800 B voice
002b5d58 00000004 b at
002b5d5c 00000004 b curr_title_track
002b5d60 00000004 b curr_track
002b5d64 00000004 b event_count
002b5d68 00000004 b evlist
002b5d6c 00000001 b lastchan.4
002b5d6d 00000001 b laststatus.3
002b5d70 00000401 B midi_name
002b6174 00000004 b midi_port_number
002b6178 00000001 b nrpn.2
002b617c 00000004 B quietchannels
002b6180 00000010 b rpn_lsb.0
002b6190 00000010 b rpn_msb.1
002b61a0 00000004 b rw
002b61a4 00000004 b sample_correction
002b61a8 00000004 b sample_increment
002b61ac 00000004 b track_info
002b61b0 00000004 B AUDIO_BUFFER_SIZE
002b61b4 00000004 B common_buffer
002b61b8 00000100 b def_instr_name
002b62b8 00000004 B num_ochannels
002b62bc 00000004 b rcf_count.0
002b62c0 00000004 B resample_buffer
002b62c4 00000004 B s32tobuf
002b62c8 00000400 B timidity_error
002b66c8 00000020 B vorbis
002b66e8 00000018 b mixer
002b6700 00000400 B current_filename
002b6b00 00000004 b pathlist
002b6b04 00000004 B antialiasing_allowed
002b6b08 00000004 B current_patch_memory
002b6b0c 00000004 B current_tune_number
002b6b10 00000004 B default_instrument
002b6b14 00000004 B default_program
002b6b18 00000004 B fast_decay
002b6b1c 00000004 B last_tune_purged
002b6b20 00001804 b standard_drumset
002b8324 00001804 b standard_tonebank
002b9b28 00000004 b seq
002b9b30 000002d0 B __C3D_Context
002b9e00 0000000c b hookCookie
002b9e10 00000010 b cpuTime
002b9e20 00000004 b firstTarget
002b9e24 00000008 b frameCounter
002b9e2c 00000004 b frameEndCb
002b9e30 00000004 b frameEndCbData
002b9e38 00000010 b gpuTime
002b9e48 00000001 b inFrame
002b9e49 00000001 b inSafeTransfer
002b9e4a 00000001 b isTopStereo
002b9e4c 00000004 b lastTarget
002b9e50 0000000c b linkedTarget
002b9e5c 00000001 b measureGpuTime
002b9e5d 00000001 b needSwapBot
002b9e5e 00000001 b needSwapTop
002b9e60 00000004 B C3D_BoolUnifs
002b9e64 00000002 B C3D_BoolUnifsDirty
002b9e68 00000c00 B C3D_FVUnif
002baa68 000000c0 B C3D_FVUnifDirty
002bab28 00000020 B C3D_IVUnif
002bab48 00000008 B C3D_IVUnifDirty
002bab50 000000c0 b C3Di_FVUnifEverDirty
002bac10 00000008 b C3Di_IVUnifEverDirty
002bac18 00000018 b C3Di_ShaderFVecData
002bac30 00000004 b boundQueue
002bac34 00000004 b curQueue
002bac38 00000001 b isActive
002bac39 00000001 b isRunning
002bac3a 00000001 b shouldStop
002bac3c 00000004 B gpuCmdBuf
002bac40 00000004 B gpuCmdBufOffset
002bac44 00000004 B gpuCmdBufSize
002bac48 00000001 b bCancelReceived
002bac49 00000001 b bDspReady
002bac4a 00000001 b bEnteringSleep
002bac4b 00000001 b bSleeping
002bac4c 00000004 b componentBin
002bac50 00000002 b componentDataMask
002bac52 00000001 b componentFree
002bac54 00000002 b componentProgMask
002bac58 00000004 b componentSize
002bac5c 00000004 b droppedFrames
002bac60 00000004 b dspSem
002bac64 00001080 b dspVar5Backup
002bbce4 00000004 b frameCount
002bbce8 00000004 b irqEvent
002bbcec 00000002 B ndspBufferCurId
002bbcee 00000002 B ndspBufferId
002bbcf0 00000002 B ndspFrameId
002bbcf4 00000008 b ndspHookCookie
002bbcfc 00000048 b ndspMaster
002bbd44 00000004 b ndspMutex
002bbd48 00000004 b ndspRefCount
002bbd4c 00000004 b ndspThread
002bbd50 00000001 b ndspThreadRun
002bbd54 00000080 B ndspVars
002bbdd4 00000008 b sleepEvent
002bbddc 00000c60 b ndspChn
002bca3c 00000004 b cfguHandle
002bca40 00000004 b cfguRefCount
002bca44 00000028 B __malloc_current_mallinfo
002bca6c 00000004 B __malloc_max_sbrked_mem
002bca70 00000004 B __malloc_max_total_mem
002bca74 00000004 B __malloc_top_pad
002bca78 00000004 b initial_env
002bca7c 00000004 b heap_start.0
002bca80 00000004 B fake_heap_end
002bca84 00000004 B fake_heap_start
002bca88 00000400 b temp_cwd
002bce88 00000048 B __syscalls
002bced0 00000004 B modreader
002bced4 00000140 B of
002bd014 00000040 B remap
002bd054 00000010 B filtermacros
002bd064 00000004 B filters
002bd068 00000200 B filtersettings
002bd268 00000002 B poslookupcnt
002bd26a 00000001 B activemacro
002bd26c B __tls_start
002bde74 B __bss_end__
002bde74 A __end__
002bde74 B __tls_end
